2025-09-14 18:31:32 [INFO] Person 1 entered at 18:31:32
2025-09-14 18:31:32 [INFO] Person 2 entered at 18:31:32
2025-09-14 18:31:32 [INFO] Person 3 entered at 18:31:32
2025-09-14 18:31:32 [INFO] Person 4 entered at 18:31:32
2025-09-14 18:31:32 [INFO] Person 5 entered at 18:31:32
2025-09-14 18:31:32 [INFO] Person 6 entered at 18:31:32
2025-09-14 18:31:32 [INFO] Person 7 entered at 18:31:32
2025-09-14 18:31:32 [INFO] Person 8 entered at 18:31:32
2025-09-14 18:31:34 [INFO] Person 11 entered at 18:31:34
2025-09-14 18:31:34 [INFO] Person 11 exited at 18:31:34 (duration 0.2s)
2025-09-14 18:31:39 [INFO] Person 8 exited at 18:31:39 (duration 6.7s)
2025-09-14 18:31:40 [INFO] Person 14 entered at 18:31:40
2025-09-14 18:31:40 [INFO] Person 15 entered at 18:31:40
2025-09-14 18:31:40 [INFO] Person 17 entered at 18:31:40
2025-09-14 18:31:40 [INFO] Person 14 exited at 18:31:40 (duration 0.3s)
2025-09-14 18:31:40 [INFO] Person 15 exited at 18:31:40 (duration 0.3s)
2025-09-14 18:31:41 [INFO] Person 20 entered at 18:31:41
2025-09-14 18:31:41 [INFO] Person 22 entered at 18:31:41
2025-09-14 18:31:41 [INFO] Person 17 exited at 18:31:41 (duration 1.2s)
2025-09-14 18:31:41 [INFO] Person 20 exited at 18:31:41 (duration 0.5s)
2025-09-14 18:31:41 [INFO] Person 22 exited at 18:31:41 (duration 0.7s)
2025-09-14 18:31:42 [INFO] Person 27 entered at 18:31:42
2025-09-14 18:31:42 [INFO] Person 28 entered at 18:31:42
2025-09-14 18:31:42 [INFO] Person 29 entered at 18:31:42
2025-09-14 18:31:42 [INFO] Person 29 exited at 18:31:42 (duration 0.2s)
2025-09-14 18:31:43 [INFO] Person 27 exited at 18:31:43 (duration 0.4s)
2025-09-14 18:31:43 [INFO] Person 28 exited at 18:31:43 (duration 0.4s)
2025-09-14 18:31:43 [INFO] Person 31 entered at 18:31:43
2025-09-14 18:31:44 [INFO] Person 31 exited at 18:31:44 (duration 0.4s)
2025-09-14 18:31:48 [INFO] Person 40 entered at 18:31:48
2025-09-14 18:31:48 [INFO] Person 42 entered at 18:31:48
2025-09-14 18:31:49 [INFO] Person 42 exited at 18:31:49 (duration 0.8s)
2025-09-14 18:31:53 [INFO] Person 43 entered at 18:31:53
2025-09-14 18:31:54 [INFO] Person 7 exited at 18:31:54 (duration 22.0s)
2025-09-14 18:31:56 [INFO] Person 43 exited at 18:31:56 (duration 3.0s)
2025-09-14 18:31:57 [INFO] Person 52 entered at 18:31:57
2025-09-14 18:31:57 [INFO] Person 53 entered at 18:31:57
2025-09-14 18:31:57 [INFO] Person 54 entered at 18:31:57
2025-09-14 18:31:57 [INFO] Person 55 entered at 18:31:57
2025-09-14 18:31:57 [INFO] Person 56 entered at 18:31:57
2025-09-14 18:31:57 [INFO] Person 40 exited at 18:31:57 (duration 9.4s)
2025-09-14 18:31:57 [INFO] Person 52 exited at 18:31:57 (duration 0.3s)
2025-09-14 18:31:57 [INFO] Person 53 exited at 18:31:57 (duration 0.3s)
2025-09-14 18:31:57 [INFO] Person 54 exited at 18:31:57 (duration 0.3s)
2025-09-14 18:31:57 [INFO] Person 55 exited at 18:31:57 (duration 0.3s)
2025-09-14 18:31:57 [INFO] Person 56 exited at 18:31:57 (duration 0.3s)
2025-09-14 18:31:58 [INFO] Person 57 entered at 18:31:58
2025-09-14 18:31:58 [INFO] Person 3 exited at 18:31:58 (duration 25.9s)
2025-09-14 18:31:59 [INFO] Person 62 entered at 18:31:59
2025-09-14 18:32:03 [INFO] Person 1 exited at 18:32:03 (duration 31.0s)
2025-09-14 18:32:05 [INFO] Person 2 still in frame at end (duration 32.7s)
2025-09-14 18:32:05 [INFO] Person 4 still in frame at end (duration 32.6s)
2025-09-14 18:32:05 [INFO] Person 5 still in frame at end (duration 32.6s)
2025-09-14 18:32:05 [INFO] Person 6 still in frame at end (duration 32.6s)
2025-09-14 18:32:05 [INFO] Person 57 still in frame at end (duration 7.0s)
2025-09-14 18:32:05 [INFO] Person 62 still in frame at end (duration 6.3s)
2025-09-14 18:32:05 [INFO] Finished processing video
2025-09-14 18:32:05 [INFO] Total visitors detected: 28
2025-09-14 18:32:05 [INFO] Average stay duration: 8.9s
2025-09-14 18:32:05 [INFO] Max stay duration: 32.7s
2025-09-14 18:32:05 [INFO] Min stay duration: 0.2s
2025-09-14 18:58:02 [INFO] Person 1 entered at 18:58:02
2025-09-14 18:58:02 [INFO] Person 2 entered at 18:58:02
2025-09-14 18:58:02 [INFO] Person 3 entered at 18:58:02
2025-09-14 18:58:02 [INFO] Person 4 entered at 18:58:02
2025-09-14 18:58:02 [INFO] Person 5 entered at 18:58:02
2025-09-14 18:58:02 [INFO] Person 6 entered at 18:58:02
2025-09-14 18:58:02 [INFO] Person 7 entered at 18:58:02
2025-09-14 18:58:02 [INFO] Person 8 entered at 18:58:02
2025-09-14 18:58:04 [INFO] Person 11 entered at 18:58:04
2025-09-14 18:58:04 [INFO] Person 11 exited at 18:58:04 (duration 0.2s)
2025-09-14 18:58:09 [INFO] Person 8 exited at 18:58:09 (duration 7.2s)
2025-09-14 18:58:10 [INFO] Person 14 entered at 18:58:10
2025-09-14 18:58:10 [INFO] Person 15 entered at 18:58:10
2025-09-14 18:58:10 [INFO] Person 17 entered at 18:58:10
2025-09-14 18:58:10 [INFO] Person 14 exited at 18:58:10 (duration 0.3s)
2025-09-14 18:58:10 [INFO] Person 15 exited at 18:58:10 (duration 0.3s)
2025-09-14 18:58:11 [INFO] Person 20 entered at 18:58:11
2025-09-14 18:58:11 [INFO] Person 22 entered at 18:58:11
2025-09-14 18:58:11 [INFO] Person 17 exited at 18:58:11 (duration 1.0s)
2025-09-14 18:58:11 [INFO] Person 20 exited at 18:58:11 (duration 0.3s)
2025-09-14 18:58:12 [INFO] Person 22 exited at 18:58:12 (duration 0.5s)
2025-09-14 18:58:13 [INFO] Person 27 entered at 18:58:13
2025-09-14 18:58:13 [INFO] Person 28 entered at 18:58:13
2025-09-14 18:58:13 [INFO] Person 29 entered at 18:58:13
2025-09-14 18:58:13 [INFO] Person 29 exited at 18:58:13 (duration 0.2s)
2025-09-14 18:58:13 [INFO] Person 27 exited at 18:58:13 (duration 0.5s)
2025-09-14 18:58:13 [INFO] Person 28 exited at 18:58:13 (duration 0.5s)
2025-09-14 18:58:13 [INFO] Person 31 entered at 18:58:13
2025-09-14 18:58:14 [INFO] Person 31 exited at 18:58:14 (duration 0.3s)
2025-09-14 18:58:17 [INFO] Person 1 still in frame at end (duration 14.7s)
2025-09-14 18:58:17 [INFO] Person 2 still in frame at end (duration 14.7s)
2025-09-14 18:58:17 [INFO] Person 3 still in frame at end (duration 14.7s)
2025-09-14 18:58:17 [INFO] Person 4 still in frame at end (duration 14.7s)
2025-09-14 18:58:17 [INFO] Person 5 still in frame at end (duration 14.7s)
2025-09-14 18:58:17 [INFO] Person 6 still in frame at end (duration 14.7s)
2025-09-14 18:58:17 [INFO] Person 7 still in frame at end (duration 14.7s)
2025-09-14 18:58:17 [INFO] Finished processing video
2025-09-14 18:58:17 [INFO] Total visitors detected: 18
2025-09-14 18:58:17 [INFO] Average stay duration: 6.3s
2025-09-14 18:58:17 [INFO] Max stay duration: 14.7s
2025-09-14 18:58:17 [INFO] Min stay duration: 0.2s
2025-09-14 19:05:42 [INFO] Person 1 entered at 19:05:42
2025-09-14 19:05:42 [INFO] Person 2 entered at 19:05:42
2025-09-14 19:05:42 [INFO] Person 3 entered at 19:05:42
2025-09-14 19:05:42 [INFO] Person 4 entered at 19:05:42
2025-09-14 19:05:42 [INFO] Person 5 entered at 19:05:42
2025-09-14 19:05:42 [INFO] Person 6 entered at 19:05:42
2025-09-14 19:05:42 [INFO] Person 7 entered at 19:05:42
2025-09-14 19:05:42 [INFO] Person 8 entered at 19:05:42
2025-09-14 19:05:44 [INFO] Person 11 entered at 19:05:44
2025-09-14 19:05:45 [INFO] Person 11 exited at 19:05:45 (duration 0.3s)
2025-09-14 19:05:47 [INFO] Person 1 still in frame at end (duration 4.4s)
2025-09-14 19:05:47 [INFO] Person 2 still in frame at end (duration 4.4s)
2025-09-14 19:05:47 [INFO] Person 3 still in frame at end (duration 4.4s)
2025-09-14 19:05:47 [INFO] Person 4 still in frame at end (duration 4.4s)
2025-09-14 19:05:47 [INFO] Person 5 still in frame at end (duration 4.4s)
2025-09-14 19:05:47 [INFO] Person 6 still in frame at end (duration 4.4s)
2025-09-14 19:05:47 [INFO] Person 7 still in frame at end (duration 4.4s)
2025-09-14 19:05:47 [INFO] Person 8 still in frame at end (duration 4.4s)
2025-09-14 19:05:47 [INFO] Finished processing video
2025-09-14 19:05:47 [INFO] Total visitors detected: 9
2025-09-14 19:05:47 [INFO] Average stay duration: 4.0s
2025-09-14 19:05:47 [INFO] Max stay duration: 4.4s
2025-09-14 19:05:47 [INFO] Min stay duration: 0.3s
2025-09-14 19:07:55 [INFO] Person 1 entered at 19:07:55
2025-09-14 19:07:55 [INFO] Person 2 entered at 19:07:55
2025-09-14 19:07:55 [INFO] Person 3 entered at 19:07:55
2025-09-14 19:07:55 [INFO] Person 4 entered at 19:07:55
2025-09-14 19:07:55 [INFO] Person 5 entered at 19:07:55
2025-09-14 19:07:55 [INFO] Person 6 entered at 19:07:55
2025-09-14 19:07:55 [INFO] Person 7 entered at 19:07:55
2025-09-14 19:07:55 [INFO] Person 8 entered at 19:07:55
2025-09-14 19:07:57 [INFO] Person 11 entered at 19:07:57
2025-09-14 19:07:57 [INFO] Person 11 exited at 19:07:57 (duration 0.2s)
2025-09-14 19:08:03 [INFO] Person 8 exited at 19:08:03 (duration 7.8s)
2025-09-14 19:08:03 [INFO] Person 14 entered at 19:08:03
2025-09-14 19:08:03 [INFO] Person 15 entered at 19:08:03
2025-09-14 19:08:04 [INFO] Person 17 entered at 19:08:04
2025-09-14 19:08:04 [INFO] Person 14 exited at 19:08:04 (duration 0.3s)
2025-09-14 19:08:04 [INFO] Person 15 exited at 19:08:04 (duration 0.3s)
2025-09-14 19:08:05 [INFO] Person 20 entered at 19:08:05
2025-09-14 19:08:05 [INFO] Person 22 entered at 19:08:05
2025-09-14 19:08:05 [INFO] Person 17 exited at 19:08:05 (duration 1.2s)
2025-09-14 19:08:05 [INFO] Person 20 exited at 19:08:05 (duration 0.4s)
2025-09-14 19:08:05 [INFO] Person 22 exited at 19:08:05 (duration 0.7s)
2025-09-14 19:08:06 [INFO] Person 27 entered at 19:08:06
2025-09-14 19:08:06 [INFO] Person 28 entered at 19:08:06
2025-09-14 19:08:06 [INFO] Person 29 entered at 19:08:06
2025-09-14 19:08:07 [INFO] Person 29 exited at 19:08:07 (duration 0.3s)
2025-09-14 19:08:07 [INFO] Person 27 exited at 19:08:07 (duration 0.6s)
2025-09-14 19:08:07 [INFO] Person 28 exited at 19:08:07 (duration 0.6s)
2025-09-14 19:08:07 [INFO] Person 31 entered at 19:08:07
2025-09-14 19:08:08 [INFO] Person 31 exited at 19:08:08 (duration 0.3s)
2025-09-14 19:08:12 [INFO] Person 40 entered at 19:08:12
2025-09-14 19:08:13 [INFO] Person 42 entered at 19:08:13
2025-09-14 19:08:14 [INFO] Person 42 exited at 19:08:14 (duration 0.7s)
2025-09-14 19:08:18 [INFO] Person 43 entered at 19:08:18
2025-09-14 19:08:20 [INFO] Person 7 exited at 19:08:20 (duration 25.4s)
2025-09-14 19:08:23 [INFO] Person 43 exited at 19:08:23 (duration 4.4s)
2025-09-14 19:08:24 [INFO] Person 52 entered at 19:08:24
2025-09-14 19:08:24 [INFO] Person 53 entered at 19:08:24
2025-09-14 19:08:24 [INFO] Person 54 entered at 19:08:24
2025-09-14 19:08:24 [INFO] Person 55 entered at 19:08:24
2025-09-14 19:08:24 [INFO] Person 56 entered at 19:08:24
2025-09-14 19:08:24 [INFO] Person 40 exited at 19:08:24 (duration 11.9s)
2025-09-14 19:08:24 [INFO] Person 52 exited at 19:08:24 (duration 0.4s)
2025-09-14 19:08:24 [INFO] Person 53 exited at 19:08:24 (duration 0.4s)
2025-09-14 19:08:24 [INFO] Person 54 exited at 19:08:24 (duration 0.4s)
2025-09-14 19:08:24 [INFO] Person 55 exited at 19:08:24 (duration 0.4s)
2025-09-14 19:08:24 [INFO] Person 56 exited at 19:08:24 (duration 0.4s)
2025-09-14 19:08:25 [INFO] Person 57 entered at 19:08:25
2025-09-14 19:08:26 [INFO] Person 3 exited at 19:08:26 (duration 30.7s)
2025-09-14 19:08:26 [INFO] Person 62 entered at 19:08:26
2025-09-14 19:08:32 [INFO] Person 1 exited at 19:08:32 (duration 37.6s)
2025-09-14 19:08:36 [INFO] Person 76 entered at 19:08:36
2025-09-14 19:08:36 [INFO] Person 57 exited at 19:08:36 (duration 11.0s)
2025-09-14 19:08:37 [INFO] Person 77 entered at 19:08:37
2025-09-14 19:08:46 [INFO] Person 80 entered at 19:08:46
2025-09-14 19:08:46 [INFO] Person 80 exited at 19:08:46 (duration 0.3s)
2025-09-14 19:08:47 [INFO] Person 81 entered at 19:08:47
2025-09-14 19:08:48 [INFO] Person 82 entered at 19:08:48
2025-09-14 19:08:51 [INFO] Person 62 exited at 19:08:51 (duration 24.7s)
2025-09-14 19:08:51 [INFO] Person 81 exited at 19:08:51 (duration 4.3s)
2025-09-14 19:08:54 [INFO] Person 85 entered at 19:08:54
2025-09-14 19:08:55 [INFO] Person 86 entered at 19:08:55
2025-09-14 19:08:56 [INFO] Person 86 exited at 19:08:56 (duration 0.4s)
2025-09-14 19:08:57 [INFO] Person 76 exited at 19:08:57 (duration 20.9s)
2025-09-14 19:09:01 [INFO] Person 90 entered at 19:09:01
2025-09-14 19:09:01 [INFO] Person 90 exited at 19:09:01 (duration 0.4s)
2025-09-14 19:09:06 [INFO] Person 93 entered at 19:09:06
2025-09-14 19:09:07 [INFO] Person 93 exited at 19:09:07 (duration 1.2s)
2025-09-14 19:09:14 [INFO] Person 96 entered at 19:09:14
2025-09-14 19:09:15 [INFO] Person 5 exited at 19:09:15 (duration 79.6s)
2025-09-14 19:09:15 [INFO] Person 97 entered at 19:09:15
2025-09-14 19:09:15 [INFO] Person 96 exited at 19:09:15 (duration 0.9s)
2025-09-14 19:09:17 [INFO] Person 6 exited at 19:09:17 (duration 82.2s)
2025-09-14 19:09:18 [INFO] Person 85 exited at 19:09:18 (duration 24.1s)
2025-09-14 19:09:21 [INFO] Person 97 exited at 19:09:21 (duration 6.0s)
2025-09-14 19:09:22 [INFO] Person 104 entered at 19:09:22
2025-09-14 19:09:22 [INFO] Person 104 exited at 19:09:22 (duration 0.4s)
2025-09-14 19:09:25 [INFO] Person 2 exited at 19:09:25 (duration 90.1s)
2025-09-14 19:09:34 [INFO] Person 110 entered at 19:09:34
2025-09-14 19:09:37 [INFO] Person 110 exited at 19:09:37 (duration 3.3s)
2025-09-14 19:09:41 [INFO] Person 114 entered at 19:09:41
2025-09-14 19:09:42 [INFO] Person 114 exited at 19:09:42 (duration 1.4s)
2025-09-14 19:09:44 [INFO] Person 115 entered at 19:09:44
2025-09-14 19:09:52 [INFO] Person 115 exited at 19:09:52 (duration 8.1s)
2025-09-14 19:10:00 [INFO] Person 82 exited at 19:10:00 (duration 72.4s)
2025-09-14 19:10:01 [INFO] Person 153 entered at 19:10:01
2025-09-14 19:10:01 [INFO] Person 154 entered at 19:10:01
2025-09-14 19:10:01 [INFO] Person 153 exited at 19:10:01 (duration 0.4s)
2025-09-14 19:10:02 [INFO] Person 156 entered at 19:10:02
2025-09-14 19:10:02 [INFO] Person 157 entered at 19:10:02
2025-09-14 19:10:02 [INFO] Person 158 entered at 19:10:02
2025-09-14 19:10:02 [INFO] Person 157 exited at 19:10:02 (duration 0.4s)
2025-09-14 19:10:02 [INFO] Person 158 exited at 19:10:02 (duration 0.4s)
2025-09-14 19:10:03 [INFO] Person 162 entered at 19:10:03
2025-09-14 19:10:04 [INFO] Person 168 entered at 19:10:04
2025-09-14 19:10:05 [INFO] Person 162 exited at 19:10:05 (duration 2.0s)
2025-09-14 19:10:07 [INFO] Person 169 entered at 19:10:07
2025-09-14 19:10:08 [INFO] Person 171 entered at 19:10:08
2025-09-14 19:10:10 [INFO] Person 172 entered at 19:10:10
2025-09-14 19:10:10 [INFO] Person 172 exited at 19:10:10 (duration 0.4s)
2025-09-14 19:10:16 [INFO] Person 177 entered at 19:10:16
2025-09-14 19:10:18 [INFO] Person 168 exited at 19:10:18 (duration 14.0s)
2025-09-14 19:10:19 [INFO] Person 156 exited at 19:10:19 (duration 17.0s)
2025-09-14 19:10:21 [INFO] Person 196 entered at 19:10:21
2025-09-14 19:10:21 [INFO] Person 196 exited at 19:10:21 (duration 0.6s)
2025-09-14 19:10:31 [INFO] Person 171 exited at 19:10:31 (duration 22.9s)
2025-09-14 19:10:32 [INFO] Person 260 entered at 19:10:32
2025-09-14 19:10:33 [INFO] Person 260 exited at 19:10:33 (duration 0.8s)
2025-09-14 19:10:37 [INFO] Person 263 entered at 19:10:37
2025-09-14 19:10:37 [INFO] Person 264 entered at 19:10:37
2025-09-14 19:10:37 [INFO] Person 265 entered at 19:10:37
2025-09-14 19:10:37 [INFO] Person 263 exited at 19:10:37 (duration 0.4s)
2025-09-14 19:10:37 [INFO] Person 264 exited at 19:10:37 (duration 0.4s)
2025-09-14 19:10:37 [INFO] Person 265 exited at 19:10:37 (duration 0.4s)
2025-09-14 19:10:40 [INFO] Person 270 entered at 19:10:40
2025-09-14 19:10:40 [INFO] Person 270 exited at 19:10:40 (duration 0.4s)
2025-09-14 19:10:41 [INFO] Person 278 entered at 19:10:41
2025-09-14 19:10:41 [INFO] Person 279 entered at 19:10:41
2025-09-14 19:10:41 [INFO] Person 280 entered at 19:10:41
2025-09-14 19:10:41 [INFO] Person 281 entered at 19:10:41
2025-09-14 19:10:41 [INFO] Person 282 entered at 19:10:41
2025-09-14 19:10:41 [INFO] Person 286 entered at 19:10:41
2025-09-14 19:10:42 [INFO] Person 289 entered at 19:10:42
2025-09-14 19:10:42 [INFO] Person 290 entered at 19:10:42
2025-09-14 19:10:42 [INFO] Person 291 entered at 19:10:42
2025-09-14 19:10:42 [INFO] Person 292 entered at 19:10:42
2025-09-14 19:10:42 [INFO] Person 293 entered at 19:10:42
2025-09-14 19:10:42 [INFO] Person 295 entered at 19:10:42
2025-09-14 19:10:42 [INFO] Person 296 entered at 19:10:42
2025-09-14 19:10:42 [INFO] Person 297 entered at 19:10:42
2025-09-14 19:10:43 [INFO] Person 302 entered at 19:10:43
2025-09-14 19:10:44 [INFO] Person 278 exited at 19:10:44 (duration 2.3s)
2025-09-14 19:10:44 [INFO] Person 279 exited at 19:10:44 (duration 2.3s)
2025-09-14 19:10:44 [INFO] Person 280 exited at 19:10:44 (duration 2.3s)
2025-09-14 19:10:44 [INFO] Person 286 exited at 19:10:44 (duration 2.2s)
2025-09-14 19:10:44 [INFO] Person 281 exited at 19:10:44 (duration 3.1s)
2025-09-14 19:10:44 [INFO] Person 282 exited at 19:10:44 (duration 3.0s)
2025-09-14 19:10:44 [INFO] Person 295 exited at 19:10:44 (duration 2.2s)
2025-09-14 19:10:44 [INFO] Person 297 exited at 19:10:44 (duration 2.1s)
2025-09-14 19:10:44 [INFO] Person 302 exited at 19:10:44 (duration 1.3s)
2025-09-14 19:10:45 [INFO] Person 77 exited at 19:10:45 (duration 128.1s)
2025-09-14 19:10:45 [INFO] Person 289 exited at 19:10:45 (duration 3.0s)
2025-09-14 19:10:45 [INFO] Person 290 exited at 19:10:45 (duration 3.0s)
2025-09-14 19:10:45 [INFO] Person 291 exited at 19:10:45 (duration 3.0s)
2025-09-14 19:10:45 [INFO] Person 292 exited at 19:10:45 (duration 3.0s)
2025-09-14 19:10:45 [INFO] Person 293 exited at 19:10:45 (duration 3.0s)
2025-09-14 19:10:45 [INFO] Person 296 exited at 19:10:45 (duration 2.5s)
2025-09-14 19:10:47 [INFO] Person 335 entered at 19:10:47
2025-09-14 19:10:47 [INFO] Person 336 entered at 19:10:47
2025-09-14 19:10:48 [INFO] Person 338 entered at 19:10:48
2025-09-14 19:10:48 [INFO] Person 340 entered at 19:10:48
2025-09-14 19:10:48 [INFO] Person 343 entered at 19:10:48
2025-09-14 19:10:48 [INFO] Person 344 entered at 19:10:48
2025-09-14 19:10:48 [INFO] Person 345 entered at 19:10:48
2025-09-14 19:10:48 [INFO] Person 338 exited at 19:10:48 (duration 0.4s)
2025-09-14 19:10:48 [INFO] Person 340 exited at 19:10:48 (duration 0.4s)
2025-09-14 19:10:48 [INFO] Person 343 exited at 19:10:48 (duration 0.4s)
2025-09-14 19:10:48 [INFO] Person 344 exited at 19:10:48 (duration 0.4s)
2025-09-14 19:10:48 [INFO] Person 345 exited at 19:10:48 (duration 0.4s)
2025-09-14 19:10:49 [INFO] Person 348 entered at 19:10:49
2025-09-14 19:10:50 [INFO] Person 350 entered at 19:10:50
2025-09-14 19:10:50 [INFO] Person 351 entered at 19:10:50
2025-09-14 19:10:50 [INFO] Person 354 entered at 19:10:50
2025-09-14 19:10:51 [INFO] Person 335 exited at 19:10:51 (duration 4.0s)
2025-09-14 19:10:51 [INFO] Person 336 exited at 19:10:51 (duration 4.0s)
2025-09-14 19:10:51 [INFO] Person 350 exited at 19:10:51 (duration 1.3s)
2025-09-14 19:10:51 [INFO] Person 351 exited at 19:10:51 (duration 1.2s)
2025-09-14 19:10:51 [INFO] Person 354 exited at 19:10:51 (duration 0.8s)
2025-09-14 19:10:52 [INFO] Person 348 exited at 19:10:52 (duration 2.6s)
2025-09-14 19:10:52 [INFO] Person 361 entered at 19:10:52
2025-09-14 19:10:53 [INFO] Person 363 entered at 19:10:53
2025-09-14 19:10:53 [INFO] Person 366 entered at 19:10:53
2025-09-14 19:10:53 [INFO] Person 368 entered at 19:10:53
2025-09-14 19:10:53 [INFO] Person 361 exited at 19:10:53 (duration 0.8s)
2025-09-14 19:10:53 [INFO] Person 370 entered at 19:10:53
2025-09-14 19:10:54 [INFO] Person 371 entered at 19:10:54
2025-09-14 19:10:54 [INFO] Person 366 exited at 19:10:54 (duration 0.8s)
2025-09-14 19:10:54 [INFO] Person 368 exited at 19:10:54 (duration 0.8s)
2025-09-14 19:10:54 [INFO] Person 370 exited at 19:10:54 (duration 0.4s)
2025-09-14 19:10:54 [INFO] Person 371 exited at 19:10:54 (duration 0.4s)
2025-09-14 19:10:54 [INFO] Person 363 exited at 19:10:54 (duration 1.2s)
2025-09-14 19:10:55 [INFO] Person 394 entered at 19:10:55
2025-09-14 19:10:55 [INFO] Person 396 entered at 19:10:55
2025-09-14 19:10:56 [INFO] Person 398 entered at 19:10:56
2025-09-14 19:10:57 [INFO] Person 404 entered at 19:10:57
2025-09-14 19:10:57 [INFO] Person 405 entered at 19:10:57
2025-09-14 19:10:57 [INFO] Person 394 exited at 19:10:57 (duration 1.3s)
2025-09-14 19:10:57 [INFO] Person 396 exited at 19:10:57 (duration 1.3s)
2025-09-14 19:10:57 [INFO] Person 398 exited at 19:10:57 (duration 0.8s)
2025-09-14 19:10:57 [INFO] Person 404 exited at 19:10:57 (duration 0.4s)
2025-09-14 19:10:57 [INFO] Person 405 exited at 19:10:57 (duration 0.4s)
2025-09-14 19:10:58 [INFO] Person 410 entered at 19:10:58
2025-09-14 19:10:58 [INFO] Person 411 entered at 19:10:58
2025-09-14 19:10:59 [INFO] Person 414 entered at 19:10:59
2025-09-14 19:10:59 [INFO] Person 415 entered at 19:10:59
2025-09-14 19:10:59 [INFO] Person 416 entered at 19:10:59
2025-09-14 19:10:59 [INFO] Person 417 entered at 19:10:59
2025-09-14 19:10:59 [INFO] Person 418 entered at 19:10:59
2025-09-14 19:10:59 [INFO] Person 419 entered at 19:10:59
2025-09-14 19:10:59 [INFO] Person 414 exited at 19:10:59 (duration 0.5s)
2025-09-14 19:10:59 [INFO] Person 415 exited at 19:10:59 (duration 0.5s)
2025-09-14 19:10:59 [INFO] Person 416 exited at 19:10:59 (duration 0.5s)
2025-09-14 19:10:59 [INFO] Person 417 exited at 19:10:59 (duration 0.5s)
2025-09-14 19:10:59 [INFO] Person 418 exited at 19:10:59 (duration 0.5s)
2025-09-14 19:11:00 [INFO] Person 426 entered at 19:11:00
2025-09-14 19:11:00 [INFO] Person 410 exited at 19:11:00 (duration 2.1s)
2025-09-14 19:11:00 [INFO] Person 411 exited at 19:11:00 (duration 2.0s)
2025-09-14 19:11:00 [INFO] Person 419 exited at 19:11:00 (duration 1.5s)
2025-09-14 19:11:00 [INFO] Person 426 exited at 19:11:00 (duration 0.4s)
2025-09-14 19:11:10 [INFO] Person 450 entered at 19:11:10
2025-09-14 19:11:13 [INFO] Person 458 entered at 19:11:13
2025-09-14 19:11:13 [INFO] Person 459 entered at 19:11:13
2025-09-14 19:11:13 [INFO] Person 460 entered at 19:11:13
2025-09-14 19:11:13 [INFO] Person 461 entered at 19:11:13
2025-09-14 19:11:13 [INFO] Person 462 entered at 19:11:13
2025-09-14 19:11:13 [INFO] Person 463 entered at 19:11:13
2025-09-14 19:11:14 [INFO] Person 465 entered at 19:11:14
2025-09-14 19:11:14 [INFO] Person 466 entered at 19:11:14
2025-09-14 19:11:14 [INFO] Person 470 entered at 19:11:14
2025-09-14 19:11:14 [INFO] Person 473 entered at 19:11:14
2025-09-14 19:11:14 [INFO] Person 475 entered at 19:11:14
2025-09-14 19:11:14 [INFO] Person 477 entered at 19:11:14
2025-09-14 19:11:14 [INFO] Person 478 entered at 19:11:14
2025-09-14 19:11:14 [INFO] Person 479 entered at 19:11:14
2025-09-14 19:11:14 [INFO] Person 480 entered at 19:11:14
2025-09-14 19:11:14 [INFO] Person 481 entered at 19:11:14
2025-09-14 19:11:14 [INFO] Person 483 entered at 19:11:14
2025-09-14 19:11:14 [INFO] Person 450 exited at 19:11:14 (duration 4.1s)
2025-09-14 19:11:14 [INFO] Person 473 exited at 19:11:14 (duration 0.6s)
2025-09-14 19:11:14 [INFO] Person 477 exited at 19:11:14 (duration 0.6s)
2025-09-14 19:11:14 [INFO] Person 478 exited at 19:11:14 (duration 0.6s)
2025-09-14 19:11:14 [INFO] Person 479 exited at 19:11:14 (duration 0.6s)
2025-09-14 19:11:14 [INFO] Person 483 exited at 19:11:14 (duration 0.6s)
2025-09-14 19:11:15 [INFO] Person 463 exited at 19:11:15 (duration 1.9s)
2025-09-14 19:11:16 [INFO] Person 458 exited at 19:11:16 (duration 2.4s)
2025-09-14 19:11:16 [INFO] Person 459 exited at 19:11:16 (duration 2.4s)
2025-09-14 19:11:16 [INFO] Person 460 exited at 19:11:16 (duration 2.3s)
2025-09-14 19:11:16 [INFO] Person 461 exited at 19:11:16 (duration 2.3s)
2025-09-14 19:11:16 [INFO] Person 462 exited at 19:11:16 (duration 2.3s)
2025-09-14 19:11:16 [INFO] Person 465 exited at 19:11:16 (duration 1.9s)
2025-09-14 19:11:16 [INFO] Person 466 exited at 19:11:16 (duration 1.9s)
2025-09-14 19:11:16 [INFO] Person 470 exited at 19:11:16 (duration 1.9s)
2025-09-14 19:11:16 [INFO] Person 475 exited at 19:11:16 (duration 1.9s)
2025-09-14 19:11:16 [INFO] Person 480 exited at 19:11:16 (duration 1.8s)
2025-09-14 19:11:16 [INFO] Person 481 exited at 19:11:16 (duration 1.8s)
2025-09-14 19:11:16 [INFO] Person 516 entered at 19:11:16
2025-09-14 19:11:16 [INFO] Person 517 entered at 19:11:16
2025-09-14 19:11:16 [INFO] Person 518 entered at 19:11:16
2025-09-14 19:11:16 [INFO] Person 519 entered at 19:11:16
2025-09-14 19:11:16 [INFO] Person 528 entered at 19:11:16
2025-09-14 19:11:16 [INFO] Person 529 entered at 19:11:16
2025-09-14 19:11:16 [INFO] Person 531 entered at 19:11:16
2025-09-14 19:11:16 [INFO] Person 532 entered at 19:11:16
2025-09-14 19:11:16 [INFO] Person 533 entered at 19:11:16
2025-09-14 19:11:16 [INFO] Person 534 entered at 19:11:16
2025-09-14 19:11:16 [INFO] Person 535 entered at 19:11:16
2025-09-14 19:11:16 [INFO] Person 536 entered at 19:11:16
2025-09-14 19:11:16 [INFO] Person 537 entered at 19:11:16
2025-09-14 19:11:16 [INFO] Person 541 entered at 19:11:16
2025-09-14 19:11:16 [INFO] Person 542 entered at 19:11:16
2025-09-14 19:11:16 [INFO] Person 543 entered at 19:11:16
2025-09-14 19:11:16 [INFO] Person 544 entered at 19:11:16
2025-09-14 19:11:16 [INFO] Person 545 entered at 19:11:16
2025-09-14 19:11:16 [INFO] Person 548 entered at 19:11:16
2025-09-14 19:11:16 [INFO] Person 551 entered at 19:11:16
2025-09-14 19:11:16 [INFO] Person 552 entered at 19:11:16
2025-09-14 19:11:16 [INFO] Person 554 entered at 19:11:16
2025-09-14 19:11:16 [INFO] Person 556 entered at 19:11:16
2025-09-14 19:11:16 [INFO] Person 558 entered at 19:11:16
2025-09-14 19:11:17 [INFO] Person 539 entered at 19:11:17
2025-09-14 19:11:17 [INFO] Person 566 entered at 19:11:17
2025-09-14 19:11:18 [INFO] Person 4 exited at 19:11:18 (duration 202.6s)
2025-09-14 19:11:18 [INFO] Person 516 exited at 19:11:18 (duration 1.6s)
2025-09-14 19:11:18 [INFO] Person 517 exited at 19:11:18 (duration 1.3s)
2025-09-14 19:11:18 [INFO] Person 518 exited at 19:11:18 (duration 1.3s)
2025-09-14 19:11:18 [INFO] Person 519 exited at 19:11:18 (duration 1.2s)
2025-09-14 19:11:18 [INFO] Person 528 exited at 19:11:18 (duration 1.2s)
2025-09-14 19:11:18 [INFO] Person 529 exited at 19:11:18 (duration 1.2s)
2025-09-14 19:11:18 [INFO] Person 531 exited at 19:11:18 (duration 1.2s)
2025-09-14 19:11:18 [INFO] Person 532 exited at 19:11:18 (duration 1.2s)
2025-09-14 19:11:18 [INFO] Person 533 exited at 19:11:18 (duration 1.2s)
2025-09-14 19:11:18 [INFO] Person 534 exited at 19:11:18 (duration 1.2s)
2025-09-14 19:11:18 [INFO] Person 535 exited at 19:11:18 (duration 1.2s)
2025-09-14 19:11:18 [INFO] Person 536 exited at 19:11:18 (duration 1.2s)
2025-09-14 19:11:18 [INFO] Person 537 exited at 19:11:18 (duration 1.2s)
2025-09-14 19:11:18 [INFO] Person 541 exited at 19:11:18 (duration 1.2s)
2025-09-14 19:11:18 [INFO] Person 542 exited at 19:11:18 (duration 1.2s)
2025-09-14 19:11:18 [INFO] Person 543 exited at 19:11:18 (duration 1.2s)
2025-09-14 19:11:18 [INFO] Person 544 exited at 19:11:18 (duration 1.2s)
2025-09-14 19:11:18 [INFO] Person 545 exited at 19:11:18 (duration 1.2s)
2025-09-14 19:11:18 [INFO] Person 548 exited at 19:11:18 (duration 1.1s)
2025-09-14 19:11:18 [INFO] Person 551 exited at 19:11:18 (duration 1.1s)
2025-09-14 19:11:18 [INFO] Person 552 exited at 19:11:18 (duration 1.1s)
2025-09-14 19:11:18 [INFO] Person 554 exited at 19:11:18 (duration 1.1s)
2025-09-14 19:11:18 [INFO] Person 556 exited at 19:11:18 (duration 1.1s)
2025-09-14 19:11:18 [INFO] Person 558 exited at 19:11:18 (duration 1.1s)
2025-09-14 19:11:18 [INFO] Person 539 exited at 19:11:18 (duration 0.6s)
2025-09-14 19:11:18 [INFO] Person 566 exited at 19:11:18 (duration 0.5s)
2025-09-14 19:11:19 [INFO] Person 569 entered at 19:11:19
2025-09-14 19:11:25 [INFO] Person 569 exited at 19:11:25 (duration 5.8s)
2025-09-14 19:11:25 [INFO] Person 615 entered at 19:11:25
2025-09-14 19:11:26 [INFO] Person 615 exited at 19:11:26 (duration 0.8s)
2025-09-14 19:11:35 [INFO] Person 650 entered at 19:11:35
2025-09-14 19:11:35 [INFO] Person 651 entered at 19:11:35
2025-09-14 19:11:35 [INFO] Person 650 exited at 19:11:35 (duration 0.5s)
2025-09-14 19:11:35 [INFO] Person 651 exited at 19:11:35 (duration 0.5s)
2025-09-14 19:11:40 [INFO] Person 667 entered at 19:11:40
2025-09-14 19:11:41 [INFO] Person 667 exited at 19:11:41 (duration 0.4s)
2025-09-14 19:11:41 [INFO] Person 673 entered at 19:11:41
2025-09-14 19:11:41 [INFO] Person 674 entered at 19:11:41
2025-09-14 19:11:41 [INFO] Person 675 entered at 19:11:41
2025-09-14 19:11:41 [INFO] Person 677 entered at 19:11:41
2025-09-14 19:11:42 [INFO] Person 681 entered at 19:11:42
2025-09-14 19:11:42 [INFO] Person 682 entered at 19:11:42
2025-09-14 19:11:42 [INFO] Person 687 entered at 19:11:42
2025-09-14 19:11:42 [INFO] Person 689 entered at 19:11:42
2025-09-14 19:11:42 [INFO] Person 692 entered at 19:11:42
2025-09-14 19:11:42 [INFO] Person 693 entered at 19:11:42
2025-09-14 19:11:42 [INFO] Person 695 entered at 19:11:42
2025-09-14 19:11:42 [INFO] Person 697 entered at 19:11:42
2025-09-14 19:11:42 [INFO] Person 698 entered at 19:11:42
2025-09-14 19:11:42 [INFO] Person 699 entered at 19:11:42
2025-09-14 19:11:42 [INFO] Person 700 entered at 19:11:42
2025-09-14 19:11:42 [INFO] Person 701 entered at 19:11:42
2025-09-14 19:11:42 [INFO] Person 703 entered at 19:11:42
2025-09-14 19:11:42 [INFO] Person 705 entered at 19:11:42
2025-09-14 19:11:42 [INFO] Person 709 entered at 19:11:42
2025-09-14 19:11:42 [INFO] Person 681 exited at 19:11:42 (duration 0.5s)
2025-09-14 19:11:42 [INFO] Person 682 exited at 19:11:42 (duration 0.5s)
2025-09-14 19:11:42 [INFO] Person 687 exited at 19:11:42 (duration 0.5s)
2025-09-14 19:11:42 [INFO] Person 689 exited at 19:11:42 (duration 0.5s)
2025-09-14 19:11:42 [INFO] Person 692 exited at 19:11:42 (duration 0.5s)
2025-09-14 19:11:42 [INFO] Person 697 exited at 19:11:42 (duration 0.5s)
2025-09-14 19:11:42 [INFO] Person 703 exited at 19:11:42 (duration 0.5s)
2025-09-14 19:11:43 [INFO] Person 713 entered at 19:11:43
2025-09-14 19:11:43 [INFO] Person 714 entered at 19:11:43
2025-09-14 19:11:43 [INFO] Person 715 entered at 19:11:43
2025-09-14 19:11:43 [INFO] Person 716 entered at 19:11:43
2025-09-14 19:11:43 [INFO] Person 717 entered at 19:11:43
2025-09-14 19:11:43 [INFO] Person 718 entered at 19:11:43
2025-09-14 19:11:43 [INFO] Person 719 entered at 19:11:43
2025-09-14 19:11:43 [INFO] Person 720 entered at 19:11:43
2025-09-14 19:11:43 [INFO] Person 699 exited at 19:11:43 (duration 1.0s)
2025-09-14 19:11:43 [INFO] Person 722 entered at 19:11:43
2025-09-14 19:11:43 [INFO] Person 725 entered at 19:11:43
2025-09-14 19:11:43 [INFO] Person 726 entered at 19:11:43
2025-09-14 19:11:43 [INFO] Person 727 entered at 19:11:43
2025-09-14 19:11:43 [INFO] Person 730 entered at 19:11:43
2025-09-14 19:11:43 [INFO] Person 732 entered at 19:11:43
2025-09-14 19:11:43 [INFO] Person 735 entered at 19:11:43
2025-09-14 19:11:43 [INFO] Person 737 entered at 19:11:43
2025-09-14 19:11:43 [INFO] Person 673 exited at 19:11:43 (duration 2.0s)
2025-09-14 19:11:43 [INFO] Person 674 exited at 19:11:43 (duration 2.0s)
2025-09-14 19:11:43 [INFO] Person 675 exited at 19:11:43 (duration 2.0s)
2025-09-14 19:11:43 [INFO] Person 677 exited at 19:11:43 (duration 2.0s)
2025-09-14 19:11:43 [INFO] Person 709 exited at 19:11:43 (duration 1.4s)
2025-09-14 19:11:44 [INFO] Person 693 exited at 19:11:44 (duration 2.3s)
2025-09-14 19:11:44 [INFO] Person 695 exited at 19:11:44 (duration 2.3s)
2025-09-14 19:11:44 [INFO] Person 698 exited at 19:11:44 (duration 2.2s)
2025-09-14 19:11:44 [INFO] Person 700 exited at 19:11:44 (duration 2.2s)
2025-09-14 19:11:44 [INFO] Person 701 exited at 19:11:44 (duration 2.2s)
2025-09-14 19:11:44 [INFO] Person 722 exited at 19:11:44 (duration 0.9s)
2025-09-14 19:11:44 [INFO] Person 725 exited at 19:11:44 (duration 0.9s)
2025-09-14 19:11:44 [INFO] Person 726 exited at 19:11:44 (duration 0.9s)
2025-09-14 19:11:44 [INFO] Person 727 exited at 19:11:44 (duration 0.9s)
2025-09-14 19:11:44 [INFO] Person 730 exited at 19:11:44 (duration 0.9s)
2025-09-14 19:11:44 [INFO] Person 732 exited at 19:11:44 (duration 0.9s)
2025-09-14 19:11:44 [INFO] Person 735 exited at 19:11:44 (duration 0.8s)
2025-09-14 19:11:44 [INFO] Person 737 exited at 19:11:44 (duration 0.8s)
2025-09-14 19:11:45 [INFO] Person 755 entered at 19:11:45
2025-09-14 19:11:45 [INFO] Person 756 entered at 19:11:45
2025-09-14 19:11:45 [INFO] Person 757 entered at 19:11:45
2025-09-14 19:11:45 [INFO] Person 758 entered at 19:11:45
2025-09-14 19:11:45 [INFO] Person 759 entered at 19:11:45
2025-09-14 19:11:45 [INFO] Person 760 entered at 19:11:45
2025-09-14 19:11:45 [INFO] Person 762 entered at 19:11:45
2025-09-14 19:11:45 [INFO] Person 763 entered at 19:11:45
2025-09-14 19:11:45 [INFO] Person 764 entered at 19:11:45
2025-09-14 19:11:45 [INFO] Person 768 entered at 19:11:45
2025-09-14 19:11:45 [INFO] Person 769 entered at 19:11:45
2025-09-14 19:11:45 [INFO] Person 770 entered at 19:11:45
2025-09-14 19:11:45 [INFO] Person 773 entered at 19:11:45
2025-09-14 19:11:45 [INFO] Person 705 exited at 19:11:45 (duration 3.1s)
2025-09-14 19:11:45 [INFO] Person 713 exited at 19:11:45 (duration 2.2s)
2025-09-14 19:11:45 [INFO] Person 714 exited at 19:11:45 (duration 2.2s)
2025-09-14 19:11:45 [INFO] Person 715 exited at 19:11:45 (duration 2.2s)
2025-09-14 19:11:45 [INFO] Person 716 exited at 19:11:45 (duration 2.2s)
2025-09-14 19:11:45 [INFO] Person 717 exited at 19:11:45 (duration 2.1s)
2025-09-14 19:11:45 [INFO] Person 718 exited at 19:11:45 (duration 2.1s)
2025-09-14 19:11:45 [INFO] Person 719 exited at 19:11:45 (duration 2.1s)
2025-09-14 19:11:45 [INFO] Person 720 exited at 19:11:45 (duration 2.1s)
2025-09-14 19:11:45 [INFO] Person 755 exited at 19:11:45 (duration 0.6s)
2025-09-14 19:11:45 [INFO] Person 756 exited at 19:11:45 (duration 0.6s)
2025-09-14 19:11:45 [INFO] Person 757 exited at 19:11:45 (duration 0.6s)
2025-09-14 19:11:45 [INFO] Person 758 exited at 19:11:45 (duration 0.6s)
2025-09-14 19:11:45 [INFO] Person 759 exited at 19:11:45 (duration 0.5s)
2025-09-14 19:11:45 [INFO] Person 760 exited at 19:11:45 (duration 0.5s)
2025-09-14 19:11:45 [INFO] Person 762 exited at 19:11:45 (duration 0.5s)
2025-09-14 19:11:45 [INFO] Person 763 exited at 19:11:45 (duration 0.5s)
2025-09-14 19:11:45 [INFO] Person 764 exited at 19:11:45 (duration 0.5s)
2025-09-14 19:11:45 [INFO] Person 768 exited at 19:11:45 (duration 0.5s)
2025-09-14 19:11:45 [INFO] Person 769 exited at 19:11:45 (duration 0.5s)
2025-09-14 19:11:45 [INFO] Person 770 exited at 19:11:45 (duration 0.5s)
2025-09-14 19:11:45 [INFO] Person 773 exited at 19:11:45 (duration 0.5s)
2025-09-14 19:11:46 [INFO] Person 778 entered at 19:11:46
2025-09-14 19:11:46 [INFO] Person 779 entered at 19:11:46
2025-09-14 19:11:46 [INFO] Person 780 entered at 19:11:46
2025-09-14 19:11:46 [INFO] Person 781 entered at 19:11:46
2025-09-14 19:11:46 [INFO] Person 782 entered at 19:11:46
2025-09-14 19:11:46 [INFO] Person 783 entered at 19:11:46
2025-09-14 19:11:46 [INFO] Person 786 entered at 19:11:46
2025-09-14 19:11:47 [INFO] Person 778 exited at 19:11:47 (duration 0.4s)
2025-09-14 19:11:47 [INFO] Person 781 exited at 19:11:47 (duration 0.4s)
2025-09-14 19:11:47 [INFO] Person 782 exited at 19:11:47 (duration 0.4s)
2025-09-14 19:11:47 [INFO] Person 786 exited at 19:11:47 (duration 0.4s)
2025-09-14 19:11:47 [INFO] Person 779 exited at 19:11:47 (duration 0.8s)
2025-09-14 19:11:47 [INFO] Person 780 exited at 19:11:47 (duration 0.8s)
2025-09-14 19:11:47 [INFO] Person 783 exited at 19:11:47 (duration 0.8s)
2025-09-14 19:11:49 [INFO] Person 794 entered at 19:11:49
2025-09-14 19:11:49 [INFO] Person 795 entered at 19:11:49
2025-09-14 19:11:49 [INFO] Person 796 entered at 19:11:49
2025-09-14 19:11:49 [INFO] Person 797 entered at 19:11:49
2025-09-14 19:11:49 [INFO] Person 798 entered at 19:11:49
2025-09-14 19:11:49 [INFO] Person 799 entered at 19:11:49
2025-09-14 19:11:49 [INFO] Person 794 exited at 19:11:49 (duration 0.5s)
2025-09-14 19:11:49 [INFO] Person 795 exited at 19:11:49 (duration 0.4s)
2025-09-14 19:11:49 [INFO] Person 796 exited at 19:11:49 (duration 0.4s)
2025-09-14 19:11:49 [INFO] Person 797 exited at 19:11:49 (duration 0.4s)
2025-09-14 19:11:49 [INFO] Person 798 exited at 19:11:49 (duration 0.4s)
2025-09-14 19:11:49 [INFO] Person 799 exited at 19:11:49 (duration 0.4s)
2025-09-14 19:11:49 [INFO] Person 154 still in frame at end (duration 108.7s)
2025-09-14 19:11:49 [INFO] Person 169 still in frame at end (duration 102.5s)
2025-09-14 19:11:49 [INFO] Person 177 still in frame at end (duration 93.9s)
2025-09-14 19:11:49 [INFO] Finished processing video
2025-09-14 19:11:49 [INFO] Total visitors detected: 216
2025-09-14 19:11:49 [INFO] Average stay duration: 6.8s
2025-09-14 19:11:49 [INFO] Max stay duration: 202.6s
2025-09-14 19:11:49 [INFO] Min stay duration: 0.2s
2025-09-14 19:12:07 [INFO] Person 1 entered at 19:12:07
2025-09-14 19:12:07 [INFO] Person 2 entered at 19:12:07
2025-09-14 19:12:07 [INFO] Person 3 entered at 19:12:07
2025-09-14 19:12:07 [INFO] Person 4 entered at 19:12:07
2025-09-14 19:12:07 [INFO] Person 5 entered at 19:12:07
2025-09-14 19:12:07 [INFO] Person 6 entered at 19:12:07
2025-09-14 19:12:07 [INFO] Person 7 entered at 19:12:07
2025-09-14 19:12:07 [INFO] Person 8 entered at 19:12:07
2025-09-14 19:12:09 [INFO] Person 11 entered at 19:12:09
2025-09-14 19:12:10 [INFO] Person 11 exited at 19:12:10 (duration 0.3s)
2025-09-14 19:12:18 [INFO] Person 8 exited at 19:12:18 (duration 10.8s)
2025-09-14 19:12:19 [INFO] Person 14 entered at 19:12:19
2025-09-14 19:12:19 [INFO] Person 15 entered at 19:12:19
2025-09-14 19:12:19 [INFO] Person 17 entered at 19:12:19
2025-09-14 19:12:19 [INFO] Person 14 exited at 19:12:19 (duration 0.4s)
2025-09-14 19:12:19 [INFO] Person 15 exited at 19:12:19 (duration 0.4s)
2025-09-14 19:12:20 [INFO] Person 20 entered at 19:12:20
2025-09-14 19:12:20 [INFO] Person 22 entered at 19:12:20
2025-09-14 19:12:21 [INFO] Person 17 exited at 19:12:21 (duration 1.6s)
2025-09-14 19:12:21 [INFO] Person 20 exited at 19:12:21 (duration 0.4s)
2025-09-14 19:12:21 [INFO] Person 22 exited at 19:12:21 (duration 0.8s)
2025-09-14 19:12:22 [INFO] Person 27 entered at 19:12:22
2025-09-14 19:12:22 [INFO] Person 28 entered at 19:12:22
2025-09-14 19:12:22 [INFO] Person 29 entered at 19:12:22
2025-09-14 19:12:23 [INFO] Person 29 exited at 19:12:23 (duration 0.4s)
2025-09-14 19:12:23 [INFO] Person 27 exited at 19:12:23 (duration 0.7s)
2025-09-14 19:12:23 [INFO] Person 28 exited at 19:12:23 (duration 0.7s)
2025-09-14 19:12:24 [INFO] Person 31 entered at 19:12:24
2025-09-14 19:12:24 [INFO] Person 31 exited at 19:12:24 (duration 0.4s)
2025-09-14 19:12:30 [INFO] Person 40 entered at 19:12:30
2025-09-14 19:12:31 [INFO] Person 42 entered at 19:12:31
2025-09-14 19:12:32 [INFO] Person 42 exited at 19:12:32 (duration 0.8s)
2025-09-14 19:12:37 [INFO] Person 43 entered at 19:12:37
2025-09-14 19:12:39 [INFO] Person 7 exited at 19:12:39 (duration 32.3s)
2025-09-14 19:12:42 [INFO] Person 43 exited at 19:12:42 (duration 4.6s)
2025-09-14 19:12:43 [INFO] Person 52 entered at 19:12:43
2025-09-14 19:12:43 [INFO] Person 53 entered at 19:12:43
2025-09-14 19:12:43 [INFO] Person 54 entered at 19:12:43
2025-09-14 19:12:43 [INFO] Person 55 entered at 19:12:43
2025-09-14 19:12:43 [INFO] Person 56 entered at 19:12:43
2025-09-14 19:12:43 [INFO] Person 40 exited at 19:12:43 (duration 13.3s)
2025-09-14 19:12:43 [INFO] Person 52 exited at 19:12:43 (duration 0.4s)
2025-09-14 19:12:43 [INFO] Person 53 exited at 19:12:43 (duration 0.4s)
2025-09-14 19:12:43 [INFO] Person 54 exited at 19:12:43 (duration 0.4s)
2025-09-14 19:12:43 [INFO] Person 55 exited at 19:12:43 (duration 0.4s)
2025-09-14 19:12:43 [INFO] Person 56 exited at 19:12:43 (duration 0.4s)
2025-09-14 19:12:45 [INFO] Person 57 entered at 19:12:45
2025-09-14 19:12:45 [INFO] Person 3 exited at 19:12:45 (duration 38.3s)
2025-09-14 19:12:46 [INFO] Person 62 entered at 19:12:46
2025-09-14 19:12:53 [INFO] Person 1 exited at 19:12:53 (duration 46.2s)
2025-09-14 19:12:57 [INFO] Person 76 entered at 19:12:57
2025-09-14 19:12:57 [INFO] Person 57 exited at 19:12:57 (duration 12.4s)
2025-09-14 19:12:58 [INFO] Person 77 entered at 19:12:58
2025-09-14 19:13:08 [INFO] Person 80 entered at 19:13:08
2025-09-14 19:13:09 [INFO] Person 80 exited at 19:13:09 (duration 0.4s)
2025-09-14 19:13:09 [INFO] Person 81 entered at 19:13:09
2025-09-14 19:13:10 [INFO] Person 82 entered at 19:13:10
2025-09-14 19:13:13 [INFO] Person 62 exited at 19:13:13 (duration 27.3s)
2025-09-14 19:13:13 [INFO] Person 81 exited at 19:13:13 (duration 3.9s)
2025-09-14 19:13:17 [INFO] Person 85 entered at 19:13:17
2025-09-14 19:13:18 [INFO] Person 86 entered at 19:13:18
2025-09-14 19:13:18 [INFO] Person 86 exited at 19:13:18 (duration 0.4s)
2025-09-14 19:13:20 [INFO] Person 76 exited at 19:13:20 (duration 23.1s)
2025-09-14 19:13:24 [INFO] Person 90 entered at 19:13:24
2025-09-14 19:13:25 [INFO] Person 90 exited at 19:13:25 (duration 0.4s)
2025-09-14 19:13:29 [INFO] Person 93 entered at 19:13:29
2025-09-14 19:13:30 [INFO] Person 93 exited at 19:13:30 (duration 1.1s)
2025-09-14 19:13:38 [INFO] Person 96 entered at 19:13:38
2025-09-14 19:13:38 [INFO] Person 5 exited at 19:13:38 (duration 91.2s)
2025-09-14 19:13:38 [INFO] Person 97 entered at 19:13:38
2025-09-14 19:13:38 [INFO] Person 96 exited at 19:13:38 (duration 0.8s)
2025-09-14 19:13:41 [INFO] Person 6 exited at 19:13:41 (duration 93.7s)
2025-09-14 19:13:42 [INFO] Person 85 exited at 19:13:42 (duration 24.5s)
2025-09-14 19:13:45 [INFO] Person 97 exited at 19:13:45 (duration 6.2s)
2025-09-14 19:13:45 [INFO] Person 104 entered at 19:13:45
2025-09-14 19:13:46 [INFO] Person 104 exited at 19:13:46 (duration 0.4s)
2025-09-14 19:13:49 [INFO] Person 2 exited at 19:13:49 (duration 101.9s)
2025-09-14 19:13:57 [INFO] Person 110 entered at 19:13:57
2025-09-14 19:14:00 [INFO] Person 110 exited at 19:14:00 (duration 3.3s)
2025-09-14 19:14:04 [INFO] Person 114 entered at 19:14:04
2025-09-14 19:14:06 [INFO] Person 114 exited at 19:14:06 (duration 1.6s)
2025-09-14 19:14:08 [INFO] Person 115 entered at 19:14:08
2025-09-14 19:14:17 [INFO] Person 115 exited at 19:14:17 (duration 9.3s)
2025-09-14 19:14:25 [INFO] Person 82 exited at 19:14:25 (duration 74.5s)
2025-09-14 19:14:26 [INFO] Person 153 entered at 19:14:26
2025-09-14 19:14:26 [INFO] Person 154 entered at 19:14:26
2025-09-14 19:14:26 [INFO] Person 153 exited at 19:14:26 (duration 0.4s)
2025-09-14 19:14:26 [INFO] Person 156 entered at 19:14:26
2025-09-14 19:14:26 [INFO] Person 157 entered at 19:14:26
2025-09-14 19:14:26 [INFO] Person 158 entered at 19:14:26
2025-09-14 19:14:27 [INFO] Person 157 exited at 19:14:27 (duration 0.4s)
2025-09-14 19:14:27 [INFO] Person 158 exited at 19:14:27 (duration 0.4s)
2025-09-14 19:14:28 [INFO] Person 162 entered at 19:14:28
2025-09-14 19:14:29 [INFO] Person 168 entered at 19:14:29
2025-09-14 19:14:30 [INFO] Person 162 exited at 19:14:30 (duration 2.0s)
2025-09-14 19:14:32 [INFO] Person 169 entered at 19:14:32
2025-09-14 19:14:33 [INFO] Person 171 entered at 19:14:33
2025-09-14 19:14:34 [INFO] Person 172 entered at 19:14:34
2025-09-14 19:14:35 [INFO] Person 172 exited at 19:14:35 (duration 0.4s)
2025-09-14 19:14:40 [INFO] Person 177 entered at 19:14:40
2025-09-14 19:14:42 [INFO] Person 168 exited at 19:14:42 (duration 13.6s)
2025-09-14 19:14:43 [INFO] Person 156 exited at 19:14:43 (duration 16.7s)
2025-09-14 19:14:45 [INFO] Person 196 entered at 19:14:45
2025-09-14 19:14:46 [INFO] Person 196 exited at 19:14:46 (duration 0.4s)
2025-09-14 19:14:56 [INFO] Person 171 exited at 19:14:56 (duration 23.1s)
2025-09-14 19:14:57 [INFO] Person 260 entered at 19:14:57
2025-09-14 19:14:58 [INFO] Person 260 exited at 19:14:58 (duration 0.8s)
2025-09-14 19:15:02 [INFO] Person 263 entered at 19:15:02
2025-09-14 19:15:02 [INFO] Person 264 entered at 19:15:02
2025-09-14 19:15:02 [INFO] Person 265 entered at 19:15:02
2025-09-14 19:15:02 [INFO] Person 263 exited at 19:15:02 (duration 0.4s)
2025-09-14 19:15:02 [INFO] Person 264 exited at 19:15:02 (duration 0.4s)
2025-09-14 19:15:02 [INFO] Person 265 exited at 19:15:02 (duration 0.4s)
2025-09-14 19:15:05 [INFO] Person 270 entered at 19:15:05
2025-09-14 19:15:05 [INFO] Person 270 exited at 19:15:05 (duration 0.4s)
2025-09-14 19:15:06 [INFO] Person 278 entered at 19:15:06
2025-09-14 19:15:06 [INFO] Person 279 entered at 19:15:06
2025-09-14 19:15:06 [INFO] Person 280 entered at 19:15:06
2025-09-14 19:15:06 [INFO] Person 281 entered at 19:15:06
2025-09-14 19:15:06 [INFO] Person 282 entered at 19:15:06
2025-09-14 19:15:06 [INFO] Person 286 entered at 19:15:06
2025-09-14 19:15:07 [INFO] Person 289 entered at 19:15:07
2025-09-14 19:15:07 [INFO] Person 290 entered at 19:15:07
2025-09-14 19:15:07 [INFO] Person 291 entered at 19:15:07
2025-09-14 19:15:07 [INFO] Person 292 entered at 19:15:07
2025-09-14 19:15:07 [INFO] Person 293 entered at 19:15:07
2025-09-14 19:15:07 [INFO] Person 295 entered at 19:15:07
2025-09-14 19:15:07 [INFO] Person 296 entered at 19:15:07
2025-09-14 19:15:07 [INFO] Person 297 entered at 19:15:07
2025-09-14 19:15:08 [INFO] Person 302 entered at 19:15:08
2025-09-14 19:15:09 [INFO] Person 278 exited at 19:15:09 (duration 2.3s)
2025-09-14 19:15:09 [INFO] Person 279 exited at 19:15:09 (duration 2.3s)
2025-09-14 19:15:09 [INFO] Person 280 exited at 19:15:09 (duration 2.3s)
2025-09-14 19:15:09 [INFO] Person 286 exited at 19:15:09 (duration 2.3s)
2025-09-14 19:15:09 [INFO] Person 281 exited at 19:15:09 (duration 3.2s)
2025-09-14 19:15:09 [INFO] Person 282 exited at 19:15:09 (duration 3.2s)
2025-09-14 19:15:09 [INFO] Person 295 exited at 19:15:09 (duration 2.3s)
2025-09-14 19:15:09 [INFO] Person 297 exited at 19:15:09 (duration 2.3s)
2025-09-14 19:15:09 [INFO] Person 302 exited at 19:15:09 (duration 1.4s)
2025-09-14 19:15:10 [INFO] Person 77 exited at 19:15:10 (duration 132.3s)
2025-09-14 19:15:10 [INFO] Person 289 exited at 19:15:10 (duration 3.2s)
2025-09-14 19:15:10 [INFO] Person 290 exited at 19:15:10 (duration 3.2s)
2025-09-14 19:15:10 [INFO] Person 291 exited at 19:15:10 (duration 3.2s)
2025-09-14 19:15:10 [INFO] Person 292 exited at 19:15:10 (duration 3.2s)
2025-09-14 19:15:10 [INFO] Person 293 exited at 19:15:10 (duration 3.2s)
2025-09-14 19:15:10 [INFO] Person 296 exited at 19:15:10 (duration 2.7s)
2025-09-14 19:15:13 [INFO] Person 335 entered at 19:15:13
2025-09-14 19:15:13 [INFO] Person 336 entered at 19:15:13
2025-09-14 19:15:14 [INFO] Person 338 entered at 19:15:14
2025-09-14 19:15:14 [INFO] Person 340 entered at 19:15:14
2025-09-14 19:15:14 [INFO] Person 343 entered at 19:15:14
2025-09-14 19:15:14 [INFO] Person 344 entered at 19:15:14
2025-09-14 19:15:14 [INFO] Person 345 entered at 19:15:14
2025-09-14 19:15:14 [INFO] Person 338 exited at 19:15:14 (duration 0.5s)
2025-09-14 19:15:14 [INFO] Person 340 exited at 19:15:14 (duration 0.5s)
2025-09-14 19:15:14 [INFO] Person 343 exited at 19:15:14 (duration 0.5s)
2025-09-14 19:15:14 [INFO] Person 344 exited at 19:15:14 (duration 0.5s)
2025-09-14 19:15:14 [INFO] Person 345 exited at 19:15:14 (duration 0.5s)
2025-09-14 19:15:15 [INFO] Person 348 entered at 19:15:15
2025-09-14 19:15:15 [INFO] Person 350 entered at 19:15:15
2025-09-14 19:15:15 [INFO] Person 351 entered at 19:15:15
2025-09-14 19:15:16 [INFO] Person 354 entered at 19:15:16
2025-09-14 19:15:17 [INFO] Person 335 exited at 19:15:17 (duration 4.2s)
2025-09-14 19:15:17 [INFO] Person 336 exited at 19:15:17 (duration 4.2s)
2025-09-14 19:15:17 [INFO] Person 350 exited at 19:15:17 (duration 1.5s)
2025-09-14 19:15:17 [INFO] Person 351 exited at 19:15:17 (duration 1.5s)
2025-09-14 19:15:17 [INFO] Person 354 exited at 19:15:17 (duration 1.0s)
2025-09-14 19:15:17 [INFO] Person 348 exited at 19:15:17 (duration 2.9s)
2025-09-14 19:15:18 [INFO] Person 361 entered at 19:15:18
2025-09-14 19:15:19 [INFO] Person 363 entered at 19:15:19
2025-09-14 19:15:19 [INFO] Person 366 entered at 19:15:19
2025-09-14 19:15:19 [INFO] Person 368 entered at 19:15:19
2025-09-14 19:15:19 [INFO] Person 361 exited at 19:15:19 (duration 0.9s)
2025-09-14 19:15:20 [INFO] Person 370 entered at 19:15:20
2025-09-14 19:15:20 [INFO] Person 371 entered at 19:15:20
2025-09-14 19:15:20 [INFO] Person 366 exited at 19:15:20 (duration 0.9s)
2025-09-14 19:15:20 [INFO] Person 368 exited at 19:15:20 (duration 0.9s)
2025-09-14 19:15:20 [INFO] Person 370 exited at 19:15:20 (duration 0.4s)
2025-09-14 19:15:20 [INFO] Person 371 exited at 19:15:20 (duration 0.4s)
2025-09-14 19:15:21 [INFO] Person 363 exited at 19:15:21 (duration 1.3s)
2025-09-14 19:15:22 [INFO] Person 394 entered at 19:15:22
2025-09-14 19:15:22 [INFO] Person 396 entered at 19:15:22
2025-09-14 19:15:23 [INFO] Person 398 entered at 19:15:23
2025-09-14 19:15:23 [INFO] Person 404 entered at 19:15:23
2025-09-14 19:15:23 [INFO] Person 405 entered at 19:15:23
2025-09-14 19:15:23 [INFO] Person 394 exited at 19:15:23 (duration 1.3s)
2025-09-14 19:15:23 [INFO] Person 396 exited at 19:15:23 (duration 1.3s)
2025-09-14 19:15:24 [INFO] Person 398 exited at 19:15:24 (duration 0.9s)
2025-09-14 19:15:24 [INFO] Person 404 exited at 19:15:24 (duration 0.4s)
2025-09-14 19:15:24 [INFO] Person 405 exited at 19:15:24 (duration 0.4s)
2025-09-14 19:15:25 [INFO] Person 410 entered at 19:15:25
2025-09-14 19:15:25 [INFO] Person 411 entered at 19:15:25
2025-09-14 19:15:25 [INFO] Person 414 entered at 19:15:25
2025-09-14 19:15:25 [INFO] Person 415 entered at 19:15:25
2025-09-14 19:15:25 [INFO] Person 416 entered at 19:15:25
2025-09-14 19:15:25 [INFO] Person 417 entered at 19:15:25
2025-09-14 19:15:25 [INFO] Person 418 entered at 19:15:25
2025-09-14 19:15:25 [INFO] Person 419 entered at 19:15:25
2025-09-14 19:15:26 [INFO] Person 414 exited at 19:15:26 (duration 0.5s)
2025-09-14 19:15:26 [INFO] Person 415 exited at 19:15:26 (duration 0.5s)
2025-09-14 19:15:26 [INFO] Person 416 exited at 19:15:26 (duration 0.5s)
2025-09-14 19:15:26 [INFO] Person 417 exited at 19:15:26 (duration 0.5s)
2025-09-14 19:15:26 [INFO] Person 418 exited at 19:15:26 (duration 0.5s)
2025-09-14 19:15:26 [INFO] Person 426 entered at 19:15:26
2025-09-14 19:15:27 [INFO] Person 410 exited at 19:15:27 (duration 1.9s)
2025-09-14 19:15:27 [INFO] Person 411 exited at 19:15:27 (duration 1.9s)
2025-09-14 19:15:27 [INFO] Person 419 exited at 19:15:27 (duration 1.4s)
2025-09-14 19:15:27 [INFO] Person 426 exited at 19:15:27 (duration 0.4s)
2025-09-14 19:15:36 [INFO] Person 450 entered at 19:15:36
2025-09-14 19:15:39 [INFO] Person 458 entered at 19:15:39
2025-09-14 19:15:39 [INFO] Person 459 entered at 19:15:39
2025-09-14 19:15:39 [INFO] Person 460 entered at 19:15:39
2025-09-14 19:15:39 [INFO] Person 461 entered at 19:15:39
2025-09-14 19:15:39 [INFO] Person 462 entered at 19:15:39
2025-09-14 19:15:39 [INFO] Person 463 entered at 19:15:39
2025-09-14 19:15:40 [INFO] Person 465 entered at 19:15:40
2025-09-14 19:15:40 [INFO] Person 466 entered at 19:15:40
2025-09-14 19:15:40 [INFO] Person 470 entered at 19:15:40
2025-09-14 19:15:40 [INFO] Person 473 entered at 19:15:40
2025-09-14 19:15:40 [INFO] Person 475 entered at 19:15:40
2025-09-14 19:15:40 [INFO] Person 477 entered at 19:15:40
2025-09-14 19:15:40 [INFO] Person 478 entered at 19:15:40
2025-09-14 19:15:40 [INFO] Person 479 entered at 19:15:40
2025-09-14 19:15:40 [INFO] Person 480 entered at 19:15:40
2025-09-14 19:15:40 [INFO] Person 481 entered at 19:15:40
2025-09-14 19:15:40 [INFO] Person 483 entered at 19:15:40
2025-09-14 19:15:40 [INFO] Person 450 exited at 19:15:40 (duration 4.3s)
2025-09-14 19:15:40 [INFO] Person 473 exited at 19:15:40 (duration 0.5s)
2025-09-14 19:15:40 [INFO] Person 477 exited at 19:15:40 (duration 0.5s)
2025-09-14 19:15:40 [INFO] Person 478 exited at 19:15:40 (duration 0.5s)
2025-09-14 19:15:40 [INFO] Person 479 exited at 19:15:40 (duration 0.5s)
2025-09-14 19:15:40 [INFO] Person 483 exited at 19:15:40 (duration 0.5s)
2025-09-14 19:15:41 [INFO] Person 463 exited at 19:15:41 (duration 1.8s)
2025-09-14 19:15:42 [INFO] Person 458 exited at 19:15:42 (duration 2.2s)
2025-09-14 19:15:42 [INFO] Person 459 exited at 19:15:42 (duration 2.2s)
2025-09-14 19:15:42 [INFO] Person 460 exited at 19:15:42 (duration 2.2s)
2025-09-14 19:15:42 [INFO] Person 461 exited at 19:15:42 (duration 2.2s)
2025-09-14 19:15:42 [INFO] Person 462 exited at 19:15:42 (duration 2.1s)
2025-09-14 19:15:42 [INFO] Person 465 exited at 19:15:42 (duration 1.7s)
2025-09-14 19:15:42 [INFO] Person 466 exited at 19:15:42 (duration 1.7s)
2025-09-14 19:15:42 [INFO] Person 470 exited at 19:15:42 (duration 1.7s)
2025-09-14 19:15:42 [INFO] Person 475 exited at 19:15:42 (duration 1.7s)
2025-09-14 19:15:42 [INFO] Person 480 exited at 19:15:42 (duration 1.7s)
2025-09-14 19:15:42 [INFO] Person 481 exited at 19:15:42 (duration 1.7s)
2025-09-14 19:15:42 [INFO] Person 516 entered at 19:15:42
2025-09-14 19:15:42 [INFO] Person 517 entered at 19:15:42
2025-09-14 19:15:42 [INFO] Person 518 entered at 19:15:42
2025-09-14 19:15:42 [INFO] Person 519 entered at 19:15:42
2025-09-14 19:15:42 [INFO] Person 528 entered at 19:15:42
2025-09-14 19:15:42 [INFO] Person 529 entered at 19:15:42
2025-09-14 19:15:42 [INFO] Person 531 entered at 19:15:42
2025-09-14 19:15:42 [INFO] Person 532 entered at 19:15:42
2025-09-14 19:15:42 [INFO] Person 533 entered at 19:15:42
2025-09-14 19:15:42 [INFO] Person 534 entered at 19:15:42
2025-09-14 19:15:42 [INFO] Person 535 entered at 19:15:42
2025-09-14 19:15:42 [INFO] Person 536 entered at 19:15:42
2025-09-14 19:15:42 [INFO] Person 537 entered at 19:15:42
2025-09-14 19:15:42 [INFO] Person 541 entered at 19:15:42
2025-09-14 19:15:42 [INFO] Person 542 entered at 19:15:42
2025-09-14 19:15:42 [INFO] Person 543 entered at 19:15:42
2025-09-14 19:15:42 [INFO] Person 544 entered at 19:15:42
2025-09-14 19:15:42 [INFO] Person 545 entered at 19:15:42
2025-09-14 19:15:42 [INFO] Person 548 entered at 19:15:42
2025-09-14 19:15:42 [INFO] Person 551 entered at 19:15:42
2025-09-14 19:15:42 [INFO] Person 552 entered at 19:15:42
2025-09-14 19:15:42 [INFO] Person 554 entered at 19:15:42
2025-09-14 19:15:42 [INFO] Person 556 entered at 19:15:42
2025-09-14 19:15:42 [INFO] Person 558 entered at 19:15:42
2025-09-14 19:15:43 [INFO] Person 539 entered at 19:15:43
2025-09-14 19:15:43 [INFO] Person 566 entered at 19:15:43
2025-09-14 19:15:43 [INFO] Person 4 exited at 19:15:43 (duration 216.6s)
2025-09-14 19:15:43 [INFO] Person 516 exited at 19:15:43 (duration 1.4s)
2025-09-14 19:15:43 [INFO] Person 517 exited at 19:15:43 (duration 1.0s)
2025-09-14 19:15:43 [INFO] Person 518 exited at 19:15:43 (duration 1.0s)
2025-09-14 19:15:43 [INFO] Person 519 exited at 19:15:43 (duration 1.0s)
2025-09-14 19:15:43 [INFO] Person 528 exited at 19:15:43 (duration 1.0s)
2025-09-14 19:15:43 [INFO] Person 529 exited at 19:15:43 (duration 1.0s)
2025-09-14 19:15:43 [INFO] Person 531 exited at 19:15:43 (duration 1.0s)
2025-09-14 19:15:43 [INFO] Person 532 exited at 19:15:43 (duration 1.0s)
2025-09-14 19:15:43 [INFO] Person 533 exited at 19:15:43 (duration 1.0s)
2025-09-14 19:15:43 [INFO] Person 534 exited at 19:15:43 (duration 1.0s)
2025-09-14 19:15:43 [INFO] Person 535 exited at 19:15:43 (duration 1.0s)
2025-09-14 19:15:43 [INFO] Person 536 exited at 19:15:43 (duration 1.0s)
2025-09-14 19:15:43 [INFO] Person 537 exited at 19:15:43 (duration 1.0s)
2025-09-14 19:15:43 [INFO] Person 541 exited at 19:15:43 (duration 1.0s)
2025-09-14 19:15:43 [INFO] Person 542 exited at 19:15:43 (duration 1.0s)
2025-09-14 19:15:43 [INFO] Person 543 exited at 19:15:43 (duration 1.0s)
2025-09-14 19:15:43 [INFO] Person 544 exited at 19:15:43 (duration 1.0s)
2025-09-14 19:15:43 [INFO] Person 545 exited at 19:15:43 (duration 1.0s)
2025-09-14 19:15:43 [INFO] Person 548 exited at 19:15:43 (duration 1.0s)
2025-09-14 19:15:43 [INFO] Person 551 exited at 19:15:43 (duration 0.9s)
2025-09-14 19:15:43 [INFO] Person 552 exited at 19:15:43 (duration 0.9s)
2025-09-14 19:15:43 [INFO] Person 554 exited at 19:15:43 (duration 0.9s)
2025-09-14 19:15:43 [INFO] Person 556 exited at 19:15:43 (duration 0.9s)
2025-09-14 19:15:43 [INFO] Person 558 exited at 19:15:43 (duration 0.9s)
2025-09-14 19:15:43 [INFO] Person 539 exited at 19:15:43 (duration 0.5s)
2025-09-14 19:15:43 [INFO] Person 566 exited at 19:15:43 (duration 0.4s)
2025-09-14 19:15:45 [INFO] Person 569 entered at 19:15:45
2025-09-14 19:15:51 [INFO] Person 569 exited at 19:15:51 (duration 6.0s)
2025-09-14 19:15:52 [INFO] Person 615 entered at 19:15:52
2025-09-14 19:15:52 [INFO] Person 615 exited at 19:15:52 (duration 0.8s)
2025-09-14 19:16:00 [INFO] Person 650 entered at 19:16:00
2025-09-14 19:16:00 [INFO] Person 651 entered at 19:16:00
2025-09-14 19:16:01 [INFO] Person 650 exited at 19:16:01 (duration 0.4s)
2025-09-14 19:16:01 [INFO] Person 651 exited at 19:16:01 (duration 0.4s)
2025-09-14 19:16:06 [INFO] Person 667 entered at 19:16:06
2025-09-14 19:16:06 [INFO] Person 667 exited at 19:16:06 (duration 0.4s)
2025-09-14 19:16:07 [INFO] Person 673 entered at 19:16:07
2025-09-14 19:16:07 [INFO] Person 674 entered at 19:16:07
2025-09-14 19:16:07 [INFO] Person 675 entered at 19:16:07
2025-09-14 19:16:07 [INFO] Person 677 entered at 19:16:07
2025-09-14 19:16:07 [INFO] Person 681 entered at 19:16:07
2025-09-14 19:16:07 [INFO] Person 682 entered at 19:16:07
2025-09-14 19:16:07 [INFO] Person 687 entered at 19:16:07
2025-09-14 19:16:07 [INFO] Person 689 entered at 19:16:07
2025-09-14 19:16:07 [INFO] Person 692 entered at 19:16:07
2025-09-14 19:16:07 [INFO] Person 693 entered at 19:16:07
2025-09-14 19:16:07 [INFO] Person 695 entered at 19:16:07
2025-09-14 19:16:07 [INFO] Person 697 entered at 19:16:07
2025-09-14 19:16:07 [INFO] Person 698 entered at 19:16:07
2025-09-14 19:16:07 [INFO] Person 699 entered at 19:16:07
2025-09-14 19:16:07 [INFO] Person 700 entered at 19:16:07
2025-09-14 19:16:07 [INFO] Person 701 entered at 19:16:07
2025-09-14 19:16:07 [INFO] Person 703 entered at 19:16:07
2025-09-14 19:16:07 [INFO] Person 705 entered at 19:16:07
2025-09-14 19:16:07 [INFO] Person 709 entered at 19:16:07
2025-09-14 19:16:08 [INFO] Person 681 exited at 19:16:08 (duration 0.5s)
2025-09-14 19:16:08 [INFO] Person 682 exited at 19:16:08 (duration 0.5s)
2025-09-14 19:16:08 [INFO] Person 687 exited at 19:16:08 (duration 0.5s)
2025-09-14 19:16:08 [INFO] Person 689 exited at 19:16:08 (duration 0.5s)
2025-09-14 19:16:08 [INFO] Person 692 exited at 19:16:08 (duration 0.5s)
2025-09-14 19:16:08 [INFO] Person 697 exited at 19:16:08 (duration 0.5s)
2025-09-14 19:16:08 [INFO] Person 703 exited at 19:16:08 (duration 0.5s)
2025-09-14 19:16:08 [INFO] Person 713 entered at 19:16:08
2025-09-14 19:16:08 [INFO] Person 714 entered at 19:16:08
2025-09-14 19:16:08 [INFO] Person 715 entered at 19:16:08
2025-09-14 19:16:08 [INFO] Person 716 entered at 19:16:08
2025-09-14 19:16:08 [INFO] Person 717 entered at 19:16:08
2025-09-14 19:16:08 [INFO] Person 718 entered at 19:16:08
2025-09-14 19:16:08 [INFO] Person 719 entered at 19:16:08
2025-09-14 19:16:08 [INFO] Person 720 entered at 19:16:08
2025-09-14 19:16:08 [INFO] Person 699 exited at 19:16:08 (duration 1.0s)
2025-09-14 19:16:09 [INFO] Person 722 entered at 19:16:09
2025-09-14 19:16:09 [INFO] Person 725 entered at 19:16:09
2025-09-14 19:16:09 [INFO] Person 726 entered at 19:16:09
2025-09-14 19:16:09 [INFO] Person 727 entered at 19:16:09
2025-09-14 19:16:09 [INFO] Person 730 entered at 19:16:09
2025-09-14 19:16:09 [INFO] Person 732 entered at 19:16:09
2025-09-14 19:16:09 [INFO] Person 735 entered at 19:16:09
2025-09-14 19:16:09 [INFO] Person 737 entered at 19:16:09
2025-09-14 19:16:09 [INFO] Person 673 exited at 19:16:09 (duration 1.9s)
2025-09-14 19:16:09 [INFO] Person 674 exited at 19:16:09 (duration 1.9s)
2025-09-14 19:16:09 [INFO] Person 675 exited at 19:16:09 (duration 1.9s)
2025-09-14 19:16:09 [INFO] Person 677 exited at 19:16:09 (duration 1.9s)
2025-09-14 19:16:09 [INFO] Person 709 exited at 19:16:09 (duration 1.4s)
2025-09-14 19:16:10 [INFO] Person 693 exited at 19:16:10 (duration 2.3s)
2025-09-14 19:16:10 [INFO] Person 695 exited at 19:16:10 (duration 2.3s)
2025-09-14 19:16:10 [INFO] Person 698 exited at 19:16:10 (duration 2.3s)
2025-09-14 19:16:10 [INFO] Person 700 exited at 19:16:10 (duration 2.3s)
2025-09-14 19:16:10 [INFO] Person 701 exited at 19:16:10 (duration 2.3s)
2025-09-14 19:16:10 [INFO] Person 722 exited at 19:16:10 (duration 0.9s)
2025-09-14 19:16:10 [INFO] Person 725 exited at 19:16:10 (duration 0.9s)
2025-09-14 19:16:10 [INFO] Person 726 exited at 19:16:10 (duration 0.9s)
2025-09-14 19:16:10 [INFO] Person 727 exited at 19:16:10 (duration 0.9s)
2025-09-14 19:16:10 [INFO] Person 730 exited at 19:16:10 (duration 0.9s)
2025-09-14 19:16:10 [INFO] Person 732 exited at 19:16:10 (duration 0.9s)
2025-09-14 19:16:10 [INFO] Person 735 exited at 19:16:10 (duration 0.9s)
2025-09-14 19:16:10 [INFO] Person 737 exited at 19:16:10 (duration 0.9s)
2025-09-14 19:16:10 [INFO] Person 755 entered at 19:16:10
2025-09-14 19:16:10 [INFO] Person 756 entered at 19:16:10
2025-09-14 19:16:10 [INFO] Person 757 entered at 19:16:10
2025-09-14 19:16:10 [INFO] Person 758 entered at 19:16:10
2025-09-14 19:16:10 [INFO] Person 759 entered at 19:16:10
2025-09-14 19:16:10 [INFO] Person 760 entered at 19:16:10
2025-09-14 19:16:10 [INFO] Person 762 entered at 19:16:10
2025-09-14 19:16:10 [INFO] Person 763 entered at 19:16:10
2025-09-14 19:16:10 [INFO] Person 764 entered at 19:16:10
2025-09-14 19:16:10 [INFO] Person 768 entered at 19:16:10
2025-09-14 19:16:10 [INFO] Person 769 entered at 19:16:10
2025-09-14 19:16:10 [INFO] Person 770 entered at 19:16:10
2025-09-14 19:16:10 [INFO] Person 773 entered at 19:16:10
2025-09-14 19:16:10 [INFO] Person 705 exited at 19:16:10 (duration 3.1s)
2025-09-14 19:16:10 [INFO] Person 713 exited at 19:16:10 (duration 2.2s)
2025-09-14 19:16:10 [INFO] Person 714 exited at 19:16:10 (duration 2.2s)
2025-09-14 19:16:10 [INFO] Person 715 exited at 19:16:10 (duration 2.2s)
2025-09-14 19:16:10 [INFO] Person 716 exited at 19:16:10 (duration 2.2s)
2025-09-14 19:16:10 [INFO] Person 717 exited at 19:16:10 (duration 2.2s)
2025-09-14 19:16:10 [INFO] Person 718 exited at 19:16:10 (duration 2.2s)
2025-09-14 19:16:10 [INFO] Person 719 exited at 19:16:10 (duration 2.2s)
2025-09-14 19:16:10 [INFO] Person 720 exited at 19:16:10 (duration 2.2s)
2025-09-14 19:16:11 [INFO] Person 755 exited at 19:16:11 (duration 0.4s)
2025-09-14 19:16:11 [INFO] Person 756 exited at 19:16:11 (duration 0.4s)
2025-09-14 19:16:11 [INFO] Person 757 exited at 19:16:11 (duration 0.4s)
2025-09-14 19:16:11 [INFO] Person 758 exited at 19:16:11 (duration 0.4s)
2025-09-14 19:16:11 [INFO] Person 759 exited at 19:16:11 (duration 0.4s)
2025-09-14 19:16:11 [INFO] Person 760 exited at 19:16:11 (duration 0.4s)
2025-09-14 19:16:11 [INFO] Person 762 exited at 19:16:11 (duration 0.4s)
2025-09-14 19:16:11 [INFO] Person 763 exited at 19:16:11 (duration 0.4s)
2025-09-14 19:16:11 [INFO] Person 764 exited at 19:16:11 (duration 0.4s)
2025-09-14 19:16:11 [INFO] Person 768 exited at 19:16:11 (duration 0.4s)
2025-09-14 19:16:11 [INFO] Person 769 exited at 19:16:11 (duration 0.4s)
2025-09-14 19:16:11 [INFO] Person 770 exited at 19:16:11 (duration 0.4s)
2025-09-14 19:16:11 [INFO] Person 773 exited at 19:16:11 (duration 0.4s)
2025-09-14 19:16:11 [INFO] Person 778 entered at 19:16:11
2025-09-14 19:16:11 [INFO] Person 779 entered at 19:16:11
2025-09-14 19:16:12 [INFO] Person 780 entered at 19:16:12
2025-09-14 19:16:12 [INFO] Person 781 entered at 19:16:12
2025-09-14 19:16:12 [INFO] Person 782 entered at 19:16:12
2025-09-14 19:16:12 [INFO] Person 783 entered at 19:16:12
2025-09-14 19:16:12 [INFO] Person 786 entered at 19:16:12
2025-09-14 19:16:12 [INFO] Person 778 exited at 19:16:12 (duration 0.4s)
2025-09-14 19:16:12 [INFO] Person 781 exited at 19:16:12 (duration 0.4s)
2025-09-14 19:16:12 [INFO] Person 782 exited at 19:16:12 (duration 0.4s)
2025-09-14 19:16:12 [INFO] Person 786 exited at 19:16:12 (duration 0.4s)
2025-09-14 19:16:12 [INFO] Person 779 exited at 19:16:12 (duration 0.8s)
2025-09-14 19:16:12 [INFO] Person 780 exited at 19:16:12 (duration 0.8s)
2025-09-14 19:16:12 [INFO] Person 783 exited at 19:16:12 (duration 0.8s)
2025-09-14 19:16:14 [INFO] Person 794 entered at 19:16:14
2025-09-14 19:16:14 [INFO] Person 795 entered at 19:16:14
2025-09-14 19:16:14 [INFO] Person 796 entered at 19:16:14
2025-09-14 19:16:14 [INFO] Person 797 entered at 19:16:14
2025-09-14 19:16:14 [INFO] Person 798 entered at 19:16:14
2025-09-14 19:16:14 [INFO] Person 799 entered at 19:16:14
2025-09-14 19:16:14 [INFO] Person 794 exited at 19:16:14 (duration 0.5s)
2025-09-14 19:16:15 [INFO] Person 795 exited at 19:16:15 (duration 0.5s)
2025-09-14 19:16:15 [INFO] Person 796 exited at 19:16:15 (duration 0.5s)
2025-09-14 19:16:15 [INFO] Person 797 exited at 19:16:15 (duration 0.5s)
2025-09-14 19:16:15 [INFO] Person 798 exited at 19:16:15 (duration 0.5s)
2025-09-14 19:16:15 [INFO] Person 799 exited at 19:16:15 (duration 0.5s)
2025-09-14 19:16:15 [INFO] Person 154 still in frame at end (duration 109.5s)
2025-09-14 19:16:15 [INFO] Person 169 still in frame at end (duration 103.5s)
2025-09-14 19:16:15 [INFO] Person 177 still in frame at end (duration 94.8s)
2025-09-14 19:16:15 [INFO] Finished processing video
2025-09-14 19:16:15 [INFO] Total visitors detected: 216
2025-09-14 19:16:15 [INFO] Average stay duration: 7.2s
2025-09-14 19:16:15 [INFO] Max stay duration: 216.6s
2025-09-14 19:16:15 [INFO] Min stay duration: 0.3s
2025-09-14 19:55:36 [INFO] Person 1 entered at 19:55:36
2025-09-14 19:55:36 [INFO] Person 2 entered at 19:55:36
2025-09-14 19:55:36 [INFO] Person 3 entered at 19:55:36
2025-09-14 19:55:36 [INFO] Person 4 entered at 19:55:36
2025-09-14 19:55:36 [INFO] Person 5 entered at 19:55:36
2025-09-14 19:55:36 [INFO] Person 6 entered at 19:55:36
2025-09-14 19:55:36 [INFO] Person 7 entered at 19:55:36
2025-09-14 19:55:36 [INFO] Person 8 entered at 19:55:36
2025-09-14 19:55:39 [INFO] Person 11 entered at 19:55:39
2025-09-14 19:55:39 [INFO] Person 11 exited at 19:55:39 (duration 0.4s)
2025-09-14 19:55:42 [INFO] Person 1 still in frame at end (duration 5.8s)
2025-09-14 19:55:42 [INFO] Person 2 still in frame at end (duration 5.7s)
2025-09-14 19:55:42 [INFO] Person 3 still in frame at end (duration 5.7s)
2025-09-14 19:55:42 [INFO] Person 4 still in frame at end (duration 5.7s)
2025-09-14 19:55:42 [INFO] Person 5 still in frame at end (duration 5.7s)
2025-09-14 19:55:42 [INFO] Person 6 still in frame at end (duration 5.7s)
2025-09-14 19:55:42 [INFO] Person 7 still in frame at end (duration 5.7s)
2025-09-14 19:55:42 [INFO] Person 8 still in frame at end (duration 5.7s)
2025-09-14 19:55:42 [INFO] Finished processing video
2025-09-14 19:55:42 [INFO] Total visitors detected: 9
2025-09-14 19:55:42 [INFO] Average stay duration: 5.1s
2025-09-14 19:55:42 [INFO] Max stay duration: 5.8s
2025-09-14 19:55:42 [INFO] Min stay duration: 0.4s
2025-09-14 19:57:21 [INFO] Person 1 entered at 19:57:21
2025-09-14 19:57:21 [INFO] Person 2 entered at 19:57:21
2025-09-14 19:57:21 [INFO] Person 3 entered at 19:57:21
2025-09-14 19:57:21 [INFO] Person 4 entered at 19:57:21
2025-09-14 19:57:21 [INFO] Person 5 entered at 19:57:21
2025-09-14 19:57:21 [INFO] Person 6 entered at 19:57:21
2025-09-14 19:57:21 [INFO] Person 7 entered at 19:57:21
2025-09-14 19:57:21 [INFO] Person 8 entered at 19:57:21
2025-09-14 19:57:24 [INFO] Person 11 entered at 19:57:24
2025-09-14 19:57:25 [INFO] Person 11 exited at 19:57:25 (duration 0.4s)
2025-09-14 19:57:36 [INFO] Person 8 exited at 19:57:36 (duration 15.2s)
2025-09-14 19:57:37 [INFO] Person 14 entered at 19:57:37
2025-09-14 19:57:37 [INFO] Person 15 entered at 19:57:37
2025-09-14 19:57:38 [INFO] Person 17 entered at 19:57:38
2025-09-14 19:57:38 [INFO] Person 14 exited at 19:57:38 (duration 0.4s)
2025-09-14 19:57:38 [INFO] Person 15 exited at 19:57:38 (duration 0.4s)
2025-09-14 19:57:39 [INFO] Person 20 entered at 19:57:39
2025-09-14 19:57:39 [INFO] Person 22 entered at 19:57:39
2025-09-14 19:57:40 [INFO] Person 17 exited at 19:57:40 (duration 1.9s)
2025-09-14 19:57:40 [INFO] Person 20 exited at 19:57:40 (duration 0.5s)
2025-09-14 19:57:40 [INFO] Person 22 exited at 19:57:40 (duration 0.9s)
2025-09-14 19:57:43 [INFO] Person 27 entered at 19:57:43
2025-09-14 19:57:43 [INFO] Person 28 entered at 19:57:43
2025-09-14 19:57:43 [INFO] Person 29 entered at 19:57:43
2025-09-14 19:57:44 [INFO] Person 29 exited at 19:57:44 (duration 0.5s)
2025-09-14 19:57:44 [INFO] Person 27 exited at 19:57:44 (duration 1.1s)
2025-09-14 19:57:44 [INFO] Person 28 exited at 19:57:44 (duration 1.1s)
2025-09-14 19:57:45 [INFO] Person 31 entered at 19:57:45
2025-09-14 19:57:46 [INFO] Person 31 exited at 19:57:46 (duration 0.8s)
2025-09-14 19:57:49 [INFO] Person 1 still in frame at end (duration 28.5s)
2025-09-14 19:57:49 [INFO] Person 2 still in frame at end (duration 28.5s)
2025-09-14 19:57:49 [INFO] Person 3 still in frame at end (duration 28.4s)
2025-09-14 19:57:49 [INFO] Person 4 still in frame at end (duration 28.4s)
2025-09-14 19:57:49 [INFO] Person 5 still in frame at end (duration 28.4s)
2025-09-14 19:57:49 [INFO] Person 6 still in frame at end (duration 28.4s)
2025-09-14 19:57:49 [INFO] Person 7 still in frame at end (duration 28.4s)
2025-09-14 19:57:49 [INFO] Finished processing video
2025-09-14 19:57:49 [INFO] Total visitors detected: 18
2025-09-14 19:57:49 [INFO] Average stay duration: 12.3s
2025-09-14 19:57:49 [INFO] Max stay duration: 28.5s
2025-09-14 19:57:49 [INFO] Min stay duration: 0.4s
2025-09-14 20:07:20 [INFO] Finished processing video
2025-09-14 20:07:20 [INFO] No visitors detected
2025-09-14 20:07:24 [INFO] Finished processing video
2025-09-14 20:07:24 [INFO] No visitors detected
2025-09-14 20:07:34 [INFO] Finished processing video
2025-09-14 20:07:34 [INFO] No visitors detected
2025-09-14 20:07:46 [INFO] Person 1 entered at 20:07:46
2025-09-14 20:07:47 [INFO] Person 2 entered at 20:07:47
2025-09-14 20:07:47 [INFO] Person 3 entered at 20:07:47
2025-09-14 20:07:47 [INFO] Person 4 entered at 20:07:47
2025-09-14 20:07:47 [INFO] Person 5 entered at 20:07:47
2025-09-14 20:07:47 [INFO] Person 6 entered at 20:07:47
2025-09-14 20:07:47 [INFO] Person 7 entered at 20:07:47
2025-09-14 20:07:47 [INFO] Person 8 entered at 20:07:47
2025-09-14 20:07:50 [INFO] Person 11 entered at 20:07:50
2025-09-14 20:07:51 [INFO] Person 11 exited at 20:07:51 (duration 0.4s)
2025-09-14 20:07:54 [INFO] Person 1 still in frame at end (duration 7.2s)
2025-09-14 20:07:54 [INFO] Person 2 still in frame at end (duration 7.1s)
2025-09-14 20:07:54 [INFO] Person 3 still in frame at end (duration 7.1s)
2025-09-14 20:07:54 [INFO] Person 4 still in frame at end (duration 7.1s)
2025-09-14 20:07:54 [INFO] Person 5 still in frame at end (duration 7.0s)
2025-09-14 20:07:54 [INFO] Person 6 still in frame at end (duration 7.0s)
2025-09-14 20:07:54 [INFO] Person 7 still in frame at end (duration 7.0s)
2025-09-14 20:07:54 [INFO] Person 8 still in frame at end (duration 7.0s)
2025-09-14 20:07:54 [INFO] Finished processing video
2025-09-14 20:07:54 [INFO] Total visitors detected: 9
2025-09-14 20:07:54 [INFO] Average stay duration: 6.3s
2025-09-14 20:07:54 [INFO] Max stay duration: 7.2s
2025-09-14 20:07:54 [INFO] Min stay duration: 0.4s
2025-09-14 20:10:15 [INFO] Person 1 entered at 20:10:15
2025-09-14 20:10:15 [INFO] Person 2 entered at 20:10:15
2025-09-14 20:10:15 [INFO] Person 3 entered at 20:10:15
2025-09-14 20:10:15 [INFO] Person 4 entered at 20:10:15
2025-09-14 20:10:15 [INFO] Person 5 entered at 20:10:15
2025-09-14 20:10:15 [INFO] Person 6 entered at 20:10:15
2025-09-14 20:10:15 [INFO] Person 7 entered at 20:10:15
2025-09-14 20:10:15 [INFO] Person 8 entered at 20:10:15
2025-09-14 20:10:18 [INFO] Person 11 entered at 20:10:18
2025-09-14 20:10:19 [INFO] Person 11 exited at 20:10:19 (duration 0.5s)
2025-09-14 20:10:20 [INFO] Person 1 still in frame at end (duration 5.3s)
2025-09-14 20:10:20 [INFO] Person 2 still in frame at end (duration 5.3s)
2025-09-14 20:10:20 [INFO] Person 3 still in frame at end (duration 5.3s)
2025-09-14 20:10:20 [INFO] Person 4 still in frame at end (duration 5.3s)
2025-09-14 20:10:20 [INFO] Person 5 still in frame at end (duration 5.3s)
2025-09-14 20:10:20 [INFO] Person 6 still in frame at end (duration 5.3s)
2025-09-14 20:10:20 [INFO] Person 7 still in frame at end (duration 5.3s)
2025-09-14 20:10:20 [INFO] Person 8 still in frame at end (duration 5.2s)
2025-09-14 20:10:20 [INFO] Finished processing video
2025-09-14 20:10:20 [INFO] Total visitors detected: 9
2025-09-14 20:10:20 [INFO] Average stay duration: 4.8s
2025-09-14 20:10:20 [INFO] Max stay duration: 5.3s
2025-09-14 20:10:20 [INFO] Min stay duration: 0.5s
2025-09-14 20:13:06 [INFO] Person 1 entered at 20:13:06
2025-09-14 20:13:06 [INFO] Person 2 entered at 20:13:06
2025-09-14 20:13:06 [INFO] Person 3 entered at 20:13:06
2025-09-14 20:13:06 [INFO] Person 4 entered at 20:13:06
2025-09-14 20:13:06 [INFO] Person 5 entered at 20:13:06
2025-09-14 20:13:06 [INFO] Person 6 entered at 20:13:06
2025-09-14 20:13:06 [INFO] Person 7 entered at 20:13:06
2025-09-14 20:13:06 [INFO] Person 8 entered at 20:13:06
2025-09-14 20:13:09 [INFO] Person 11 entered at 20:13:09
2025-09-14 20:13:12 [INFO] Person 1 still in frame at end (duration 5.9s)
2025-09-14 20:13:12 [INFO] Person 2 still in frame at end (duration 5.9s)
2025-09-14 20:13:12 [INFO] Person 3 still in frame at end (duration 5.9s)
2025-09-14 20:13:12 [INFO] Person 4 still in frame at end (duration 5.9s)
2025-09-14 20:13:12 [INFO] Person 5 still in frame at end (duration 5.9s)
2025-09-14 20:13:12 [INFO] Person 6 still in frame at end (duration 5.9s)
2025-09-14 20:13:12 [INFO] Person 7 still in frame at end (duration 5.9s)
2025-09-14 20:13:12 [INFO] Person 8 still in frame at end (duration 5.9s)
2025-09-14 20:13:12 [INFO] Person 11 still in frame at end (duration 2.7s)
2025-09-14 20:13:12 [INFO] Finished processing video
2025-09-14 20:13:12 [INFO] Total visitors detected: 9
2025-09-14 20:13:12 [INFO] Average stay duration: 5.6s
2025-09-14 20:13:12 [INFO] Max stay duration: 5.9s
2025-09-14 20:13:12 [INFO] Min stay duration: 2.7s
2025-09-14 20:26:41 [INFO] Finished processing video
2025-09-14 20:26:41 [INFO] No visitors detected
2025-09-14 20:30:06 [INFO] Finished processing video
2025-09-14 20:30:06 [INFO] No visitors detected
2025-09-14 20:30:46 [INFO] Person 1 entered at 20:30:46
2025-09-14 20:30:46 [INFO] Person 2 entered at 20:30:46
2025-09-14 20:30:46 [INFO] Person 3 entered at 20:30:46
2025-09-14 20:30:46 [INFO] Person 4 entered at 20:30:46
2025-09-14 20:30:46 [INFO] Person 5 entered at 20:30:46
2025-09-14 20:30:46 [INFO] Person 6 entered at 20:30:46
2025-09-14 20:30:46 [INFO] Person 7 entered at 20:30:46
2025-09-14 20:30:46 [INFO] Person 8 entered at 20:30:46
2025-09-14 20:30:47 [INFO] Person 11 entered at 20:30:47
2025-09-14 20:30:51 [INFO] Person 14 entered at 20:30:51
2025-09-14 20:30:52 [INFO] Person 15 entered at 20:30:52
2025-09-14 20:30:54 [INFO] Person 17 entered at 20:30:54
2025-09-14 20:30:57 [INFO] Person 18 entered at 20:30:57
2025-09-14 20:30:58 [INFO] Person 20 entered at 20:30:58
2025-09-14 20:31:00 [INFO] Person 21 entered at 20:31:00
2025-09-14 20:31:03 [INFO] Person 23 entered at 20:31:03
2025-09-14 20:31:03 [INFO] Person 24 entered at 20:31:03
2025-09-14 20:31:08 [INFO] Person 27 entered at 20:31:08
2025-09-14 20:31:08 [INFO] Person 28 entered at 20:31:08
2025-09-14 20:31:12 [INFO] Person 31 entered at 20:31:12
2025-09-14 20:31:12 [INFO] Person 32 entered at 20:31:12
2025-09-14 20:31:12 [INFO] Person 33 entered at 20:31:12
2025-09-14 20:31:15 [INFO] Person 36 entered at 20:31:15
2025-09-14 20:31:15 [INFO] Person 37 entered at 20:31:15
2025-09-14 20:31:17 [INFO] Person 41 entered at 20:31:17
2025-09-14 20:31:19 [INFO] Person 44 entered at 20:31:19
2025-09-14 20:31:22 [INFO] Person 47 entered at 20:31:22
2025-09-14 20:31:22 [INFO] Person 48 entered at 20:31:22
2025-09-14 20:31:25 [INFO] Person 51 entered at 20:31:25
2025-09-14 20:31:29 [INFO] Person 57 entered at 20:31:29
2025-09-14 20:31:31 [INFO] Person 59 entered at 20:31:31
2025-09-14 20:31:33 [INFO] Person 60 entered at 20:31:33
2025-09-14 20:31:39 [INFO] Person 69 entered at 20:31:39
2025-09-14 20:31:39 [INFO] Person 70 entered at 20:31:39
2025-09-14 20:31:39 [INFO] Person 72 entered at 20:31:39
2025-09-14 20:31:39 [INFO] Person 73 entered at 20:31:39
2025-09-14 20:31:39 [INFO] Person 74 entered at 20:31:39
2025-09-14 20:31:40 [INFO] Person 75 entered at 20:31:40
2025-09-14 20:31:40 [INFO] Person 78 entered at 20:31:40
2025-09-14 20:31:41 [INFO] Person 79 entered at 20:31:41
2025-09-14 20:31:42 [INFO] Person 81 entered at 20:31:42
2025-09-14 20:31:42 [INFO] Person 82 entered at 20:31:42
2025-09-14 20:31:45 [INFO] Person 86 entered at 20:31:45
2025-09-14 20:31:47 [INFO] Person 95 entered at 20:31:47
2025-09-14 20:31:54 [INFO] Person 106 entered at 20:31:54
2025-09-14 20:31:57 [INFO] Person 109 entered at 20:31:57
2025-09-14 20:31:58 [INFO] Person 111 entered at 20:31:58
2025-09-14 20:32:05 [INFO] Person 119 entered at 20:32:05
2025-09-14 20:32:07 [INFO] Person 121 entered at 20:32:07
2025-09-14 20:32:08 [INFO] Person 122 entered at 20:32:08
2025-09-14 20:32:10 [INFO] Person 123 entered at 20:32:10
2025-09-14 20:32:16 [INFO] Person 124 entered at 20:32:16
2025-09-14 20:32:17 [INFO] Person 125 entered at 20:32:17
2025-09-14 20:32:19 [INFO] Person 1 still in frame at end (duration 93.0s)
2025-09-14 20:32:19 [INFO] Person 2 still in frame at end (duration 92.9s)
2025-09-14 20:32:19 [INFO] Person 3 still in frame at end (duration 92.9s)
2025-09-14 20:32:19 [INFO] Person 4 still in frame at end (duration 92.9s)
2025-09-14 20:32:19 [INFO] Person 5 still in frame at end (duration 92.9s)
2025-09-14 20:32:19 [INFO] Person 6 still in frame at end (duration 92.9s)
2025-09-14 20:32:19 [INFO] Person 7 still in frame at end (duration 92.9s)
2025-09-14 20:32:19 [INFO] Person 8 still in frame at end (duration 92.9s)
2025-09-14 20:32:19 [INFO] Person 11 still in frame at end (duration 91.8s)
2025-09-14 20:32:19 [INFO] Person 14 still in frame at end (duration 87.4s)
2025-09-14 20:32:19 [INFO] Person 15 still in frame at end (duration 87.3s)
2025-09-14 20:32:19 [INFO] Person 17 still in frame at end (duration 84.9s)
2025-09-14 20:32:19 [INFO] Person 18 still in frame at end (duration 81.7s)
2025-09-14 20:32:19 [INFO] Person 20 still in frame at end (duration 81.0s)
2025-09-14 20:32:19 [INFO] Person 21 still in frame at end (duration 78.6s)
2025-09-14 20:32:19 [INFO] Person 23 still in frame at end (duration 75.9s)
2025-09-14 20:32:19 [INFO] Person 24 still in frame at end (duration 75.4s)
2025-09-14 20:32:19 [INFO] Person 27 still in frame at end (duration 71.3s)
2025-09-14 20:32:19 [INFO] Person 28 still in frame at end (duration 71.2s)
2025-09-14 20:32:19 [INFO] Person 31 still in frame at end (duration 67.2s)
2025-09-14 20:32:19 [INFO] Person 32 still in frame at end (duration 66.8s)
2025-09-14 20:32:19 [INFO] Person 33 still in frame at end (duration 66.5s)
2025-09-14 20:32:19 [INFO] Person 36 still in frame at end (duration 64.1s)
2025-09-14 20:32:19 [INFO] Person 37 still in frame at end (duration 63.9s)
2025-09-14 20:32:19 [INFO] Person 41 still in frame at end (duration 61.6s)
2025-09-14 20:32:19 [INFO] Person 44 still in frame at end (duration 59.9s)
2025-09-14 20:32:19 [INFO] Person 47 still in frame at end (duration 56.9s)
2025-09-14 20:32:19 [INFO] Person 48 still in frame at end (duration 56.7s)
2025-09-14 20:32:19 [INFO] Person 51 still in frame at end (duration 54.3s)
2025-09-14 20:32:19 [INFO] Person 57 still in frame at end (duration 50.0s)
2025-09-14 20:32:19 [INFO] Person 59 still in frame at end (duration 47.6s)
2025-09-14 20:32:19 [INFO] Person 60 still in frame at end (duration 46.3s)
2025-09-14 20:32:19 [INFO] Person 69 still in frame at end (duration 40.1s)
2025-09-14 20:32:19 [INFO] Person 70 still in frame at end (duration 40.1s)
2025-09-14 20:32:19 [INFO] Person 72 still in frame at end (duration 39.7s)
2025-09-14 20:32:19 [INFO] Person 73 still in frame at end (duration 39.7s)
2025-09-14 20:32:19 [INFO] Person 74 still in frame at end (duration 39.7s)
2025-09-14 20:32:19 [INFO] Person 75 still in frame at end (duration 39.3s)
2025-09-14 20:32:19 [INFO] Person 78 still in frame at end (duration 38.8s)
2025-09-14 20:32:19 [INFO] Person 79 still in frame at end (duration 37.7s)
2025-09-14 20:32:19 [INFO] Person 81 still in frame at end (duration 37.2s)
2025-09-14 20:32:19 [INFO] Person 82 still in frame at end (duration 36.7s)
2025-09-14 20:32:19 [INFO] Person 86 still in frame at end (duration 34.3s)
2025-09-14 20:32:19 [INFO] Person 95 still in frame at end (duration 32.2s)
2025-09-14 20:32:19 [INFO] Person 106 still in frame at end (duration 24.9s)
2025-09-14 20:32:19 [INFO] Person 109 still in frame at end (duration 21.9s)
2025-09-14 20:32:19 [INFO] Person 111 still in frame at end (duration 20.4s)
2025-09-14 20:32:19 [INFO] Person 119 still in frame at end (duration 14.1s)
2025-09-14 20:32:19 [INFO] Person 121 still in frame at end (duration 12.1s)
2025-09-14 20:32:19 [INFO] Person 122 still in frame at end (duration 11.1s)
2025-09-14 20:32:19 [INFO] Person 123 still in frame at end (duration 8.4s)
2025-09-14 20:32:19 [INFO] Person 124 still in frame at end (duration 3.3s)
2025-09-14 20:32:19 [INFO] Person 125 still in frame at end (duration 2.0s)
2025-09-14 20:32:19 [INFO] Finished processing video
2025-09-14 20:32:19 [INFO] Total visitors detected: 53
2025-09-14 20:32:19 [INFO] Average stay duration: 56.0s
2025-09-14 20:32:19 [INFO] Max stay duration: 93.0s
2025-09-14 20:32:19 [INFO] Min stay duration: 2.0s
2025-09-14 20:44:21 [INFO] Person 1 entered at 20:44:21
2025-09-14 20:44:21 [INFO] Person 2 entered at 20:44:21
2025-09-14 20:44:21 [INFO] Person 3 entered at 20:44:21
2025-09-14 20:44:21 [INFO] Person 4 entered at 20:44:21
2025-09-14 20:44:21 [INFO] Person 5 entered at 20:44:21
2025-09-14 20:44:21 [INFO] Person 6 entered at 20:44:21
2025-09-14 20:44:21 [INFO] Person 7 entered at 20:44:21
2025-09-14 20:44:21 [INFO] Person 8 entered at 20:44:21
2025-09-14 20:44:21 [INFO] Person 10 entered at 20:44:21
2025-09-14 20:44:26 [INFO] Person 14 entered at 20:44:26
2025-09-14 20:44:29 [INFO] Person 15 entered at 20:44:29
2025-09-14 20:44:29 [INFO] Person 16 entered at 20:44:29
2025-09-14 20:44:32 [INFO] Person 19 entered at 20:44:32
2025-09-14 20:44:36 [INFO] Person 20 entered at 20:44:36
2025-09-14 20:44:36 [INFO] Person 22 entered at 20:44:36
2025-09-14 20:44:40 [INFO] Person 24 entered at 20:44:40
2025-09-14 20:44:40 [INFO] Person 25 entered at 20:44:40
2025-09-14 20:44:41 [INFO] Person 27 entered at 20:44:41
2025-09-14 20:44:44 [INFO] Person 29 entered at 20:44:44
2025-09-14 20:44:44 [INFO] Person 30 entered at 20:44:44
2025-09-14 20:44:51 [INFO] Person 33 entered at 20:44:51
2025-09-14 20:44:51 [INFO] Person 34 entered at 20:44:51
2025-09-14 20:44:53 [INFO] Person 35 entered at 20:44:53
2025-09-14 20:44:56 [INFO] Person 36 entered at 20:44:56
2025-09-14 20:44:57 [INFO] Person 37 entered at 20:44:57
2025-09-14 20:44:58 [INFO] Person 38 entered at 20:44:58
2025-09-14 20:45:01 [INFO] Person 42 entered at 20:45:01
2025-09-14 20:45:02 [INFO] Person 43 entered at 20:45:02
2025-09-14 20:45:05 [INFO] Person 49 entered at 20:45:05
2025-09-14 20:45:05 [INFO] Person 50 entered at 20:45:05
2025-09-14 20:45:06 [INFO] Person 51 entered at 20:45:06
2025-09-14 20:45:12 [INFO] Person 55 entered at 20:45:12
2025-09-14 20:45:12 [INFO] Person 56 entered at 20:45:12
2025-09-14 20:45:16 [INFO] Person 61 entered at 20:45:16
2025-09-14 20:45:19 [INFO] Person 66 entered at 20:45:19
2025-09-14 20:45:20 [INFO] Person 67 entered at 20:45:20
2025-09-14 20:45:20 [INFO] Person 69 entered at 20:45:20
2025-09-14 20:45:23 [INFO] Person 72 entered at 20:45:23
2025-09-14 20:45:26 [INFO] Person 74 entered at 20:45:26
2025-09-14 20:45:27 [INFO] Person 76 entered at 20:45:27
2025-09-14 20:45:29 [INFO] Person 77 entered at 20:45:29
2025-09-14 20:45:38 [INFO] Person 86 entered at 20:45:38
2025-09-14 20:45:38 [INFO] Person 87 entered at 20:45:38
2025-09-14 20:45:38 [INFO] Person 88 entered at 20:45:38
2025-09-14 20:45:39 [INFO] Person 89 entered at 20:45:39
2025-09-14 20:45:39 [INFO] Person 92 entered at 20:45:39
2025-09-14 20:45:39 [INFO] Person 93 entered at 20:45:39
2025-09-14 20:45:40 [INFO] Person 96 entered at 20:45:40
2025-09-14 20:45:40 [INFO] Person 97 entered at 20:45:40
2025-09-14 20:45:42 [INFO] Person 100 entered at 20:45:42
2025-09-14 20:45:43 [INFO] Person 102 entered at 20:45:43
2025-09-14 20:45:44 [INFO] Person 103 entered at 20:45:44
2025-09-14 20:45:47 [INFO] Person 107 entered at 20:45:47
2025-09-14 20:45:48 [INFO] Person 110 entered at 20:45:48
2025-09-14 20:45:49 [INFO] Person 114 entered at 20:45:49
2025-09-14 20:46:01 [INFO] Person 121 entered at 20:46:01
2025-09-14 20:46:03 [INFO] Person 124 entered at 20:46:03
2025-09-14 20:46:07 [INFO] Person 128 entered at 20:46:07
2025-09-14 20:46:08 [INFO] Person 132 entered at 20:46:08
2025-09-14 20:46:09 [INFO] Person 134 entered at 20:46:09
2025-09-14 20:46:18 [INFO] Person 137 entered at 20:46:18
2025-09-14 20:46:21 [INFO] Person 139 entered at 20:46:21
2025-09-14 20:46:23 [INFO] Person 140 entered at 20:46:23
2025-09-14 20:46:27 [INFO] Person 141 entered at 20:46:27
2025-09-14 20:46:34 [INFO] Person 142 entered at 20:46:34
2025-09-14 20:46:38 [INFO] Person 148 entered at 20:46:38
2025-09-14 20:46:40 [INFO] Person 1 still in frame at end (duration 139.0s)
2025-09-14 20:46:40 [INFO] Person 2 still in frame at end (duration 139.0s)
2025-09-14 20:46:40 [INFO] Person 3 still in frame at end (duration 139.0s)
2025-09-14 20:46:40 [INFO] Person 4 still in frame at end (duration 139.0s)
2025-09-14 20:46:40 [INFO] Person 5 still in frame at end (duration 139.0s)
2025-09-14 20:46:40 [INFO] Person 6 still in frame at end (duration 139.0s)
2025-09-14 20:46:40 [INFO] Person 7 still in frame at end (duration 139.0s)
2025-09-14 20:46:40 [INFO] Person 8 still in frame at end (duration 139.0s)
2025-09-14 20:46:40 [INFO] Person 10 still in frame at end (duration 139.0s)
2025-09-14 20:46:40 [INFO] Person 14 still in frame at end (duration 134.2s)
2025-09-14 20:46:40 [INFO] Person 15 still in frame at end (duration 131.6s)
2025-09-14 20:46:40 [INFO] Person 16 still in frame at end (duration 131.5s)
2025-09-14 20:46:40 [INFO] Person 19 still in frame at end (duration 128.7s)
2025-09-14 20:46:40 [INFO] Person 20 still in frame at end (duration 124.8s)
2025-09-14 20:46:40 [INFO] Person 22 still in frame at end (duration 124.3s)
2025-09-14 20:46:40 [INFO] Person 24 still in frame at end (duration 120.8s)
2025-09-14 20:46:40 [INFO] Person 25 still in frame at end (duration 120.4s)
2025-09-14 20:46:40 [INFO] Person 27 still in frame at end (duration 119.4s)
2025-09-14 20:46:40 [INFO] Person 29 still in frame at end (duration 116.8s)
2025-09-14 20:46:40 [INFO] Person 30 still in frame at end (duration 116.2s)
2025-09-14 20:46:40 [INFO] Person 33 still in frame at end (duration 109.7s)
2025-09-14 20:46:40 [INFO] Person 34 still in frame at end (duration 109.5s)
2025-09-14 20:46:40 [INFO] Person 35 still in frame at end (duration 107.6s)
2025-09-14 20:46:40 [INFO] Person 36 still in frame at end (duration 104.6s)
2025-09-14 20:46:40 [INFO] Person 37 still in frame at end (duration 103.3s)
2025-09-14 20:46:40 [INFO] Person 38 still in frame at end (duration 102.9s)
2025-09-14 20:46:40 [INFO] Person 42 still in frame at end (duration 99.5s)
2025-09-14 20:46:40 [INFO] Person 43 still in frame at end (duration 98.9s)
2025-09-14 20:46:40 [INFO] Person 49 still in frame at end (duration 95.9s)
2025-09-14 20:46:40 [INFO] Person 50 still in frame at end (duration 95.6s)
2025-09-14 20:46:40 [INFO] Person 51 still in frame at end (duration 94.0s)
2025-09-14 20:46:40 [INFO] Person 55 still in frame at end (duration 88.7s)
2025-09-14 20:46:40 [INFO] Person 56 still in frame at end (duration 88.1s)
2025-09-14 20:46:40 [INFO] Person 61 still in frame at end (duration 84.1s)
2025-09-14 20:46:40 [INFO] Person 66 still in frame at end (duration 81.6s)
2025-09-14 20:46:40 [INFO] Person 67 still in frame at end (duration 80.9s)
2025-09-14 20:46:40 [INFO] Person 69 still in frame at end (duration 80.3s)
2025-09-14 20:46:40 [INFO] Person 72 still in frame at end (duration 77.3s)
2025-09-14 20:46:40 [INFO] Person 74 still in frame at end (duration 74.6s)
2025-09-14 20:46:40 [INFO] Person 76 still in frame at end (duration 73.4s)
2025-09-14 20:46:40 [INFO] Person 77 still in frame at end (duration 71.5s)
2025-09-14 20:46:40 [INFO] Person 86 still in frame at end (duration 62.2s)
2025-09-14 20:46:40 [INFO] Person 87 still in frame at end (duration 62.1s)
2025-09-14 20:46:40 [INFO] Person 88 still in frame at end (duration 62.0s)
2025-09-14 20:46:40 [INFO] Person 89 still in frame at end (duration 61.5s)
2025-09-14 20:46:40 [INFO] Person 92 still in frame at end (duration 61.4s)
2025-09-14 20:46:40 [INFO] Person 93 still in frame at end (duration 61.4s)
2025-09-14 20:46:40 [INFO] Person 96 still in frame at end (duration 60.8s)
2025-09-14 20:46:40 [INFO] Person 97 still in frame at end (duration 60.6s)
2025-09-14 20:46:40 [INFO] Person 100 still in frame at end (duration 58.4s)
2025-09-14 20:46:40 [INFO] Person 102 still in frame at end (duration 57.8s)
2025-09-14 20:46:40 [INFO] Person 103 still in frame at end (duration 56.9s)
2025-09-14 20:46:40 [INFO] Person 107 still in frame at end (duration 53.3s)
2025-09-14 20:46:40 [INFO] Person 110 still in frame at end (duration 52.8s)
2025-09-14 20:46:40 [INFO] Person 114 still in frame at end (duration 51.4s)
2025-09-14 20:46:40 [INFO] Person 121 still in frame at end (duration 39.1s)
2025-09-14 20:46:40 [INFO] Person 124 still in frame at end (duration 37.3s)
2025-09-14 20:46:40 [INFO] Person 128 still in frame at end (duration 33.2s)
2025-09-14 20:46:40 [INFO] Person 132 still in frame at end (duration 32.0s)
2025-09-14 20:46:40 [INFO] Person 134 still in frame at end (duration 31.7s)
2025-09-14 20:46:40 [INFO] Person 137 still in frame at end (duration 22.3s)
2025-09-14 20:46:40 [INFO] Person 139 still in frame at end (duration 19.1s)
2025-09-14 20:46:40 [INFO] Person 140 still in frame at end (duration 17.0s)
2025-09-14 20:46:40 [INFO] Person 141 still in frame at end (duration 13.0s)
2025-09-14 20:46:40 [INFO] Person 142 still in frame at end (duration 6.8s)
2025-09-14 20:46:40 [INFO] Person 148 still in frame at end (duration 2.6s)
2025-09-14 20:46:40 [INFO] Total visitors detected: 66
2025-09-14 20:46:40 [INFO] Average stay duration: 85.1s
2025-09-14 20:46:40 [INFO] Max stay duration: 139.0s
2025-09-14 20:46:40 [INFO] Min stay duration: 2.6s
2025-09-14 21:29:00 [INFO] Person 1 entered at 21:29:00
2025-09-14 21:29:00 [INFO] Person 2 entered at 21:29:00
2025-09-14 21:29:00 [INFO] Person 3 entered at 21:29:00
2025-09-14 21:29:00 [INFO] Person 4 entered at 21:29:00
2025-09-14 21:29:00 [INFO] Person 5 entered at 21:29:00
2025-09-14 21:29:00 [INFO] Person 6 entered at 21:29:00
2025-09-14 21:29:00 [INFO] Person 7 entered at 21:29:00
2025-09-14 21:29:00 [INFO] Person 8 entered at 21:29:00
2025-09-14 21:29:00 [INFO] Person 10 entered at 21:29:00
2025-09-14 21:29:06 [INFO] Person 14 entered at 21:29:06
2025-09-14 21:29:09 [INFO] Person 15 entered at 21:29:09
2025-09-14 21:29:09 [INFO] Person 16 entered at 21:29:09
2025-09-14 21:29:12 [INFO] Person 19 entered at 21:29:12
2025-09-14 21:29:16 [INFO] Person 20 entered at 21:29:16
2025-09-14 21:29:16 [INFO] Person 22 entered at 21:29:16
2025-09-14 21:29:20 [INFO] Person 24 entered at 21:29:20
2025-09-14 21:29:21 [INFO] Person 25 entered at 21:29:21
2025-09-14 21:29:22 [INFO] Person 27 entered at 21:29:22
2025-09-14 21:29:24 [INFO] Person 29 entered at 21:29:24
2025-09-14 21:29:25 [INFO] Person 30 entered at 21:29:25
2025-09-14 21:29:31 [INFO] Person 33 entered at 21:29:31
2025-09-14 21:29:31 [INFO] Person 34 entered at 21:29:31
2025-09-14 21:29:33 [INFO] Person 35 entered at 21:29:33
2025-09-14 21:29:36 [INFO] Person 36 entered at 21:29:36
2025-09-14 21:29:37 [INFO] Person 37 entered at 21:29:37
2025-09-14 21:29:38 [INFO] Person 38 entered at 21:29:38
2025-09-14 21:29:41 [INFO] Person 42 entered at 21:29:41
2025-09-14 21:29:42 [INFO] Person 43 entered at 21:29:42
2025-09-14 21:29:45 [INFO] Person 49 entered at 21:29:45
2025-09-14 21:29:45 [INFO] Person 50 entered at 21:29:45
2025-09-14 21:29:47 [INFO] Person 51 entered at 21:29:47
2025-09-14 21:29:52 [INFO] Person 55 entered at 21:29:52
2025-09-14 21:29:53 [INFO] Person 56 entered at 21:29:53
2025-09-14 21:29:57 [INFO] Person 61 entered at 21:29:57
2025-09-14 21:30:00 [INFO] Person 66 entered at 21:30:00
2025-09-14 21:30:01 [INFO] Person 67 entered at 21:30:01
2025-09-14 21:30:01 [INFO] Person 69 entered at 21:30:01
2025-09-14 21:30:05 [INFO] Person 72 entered at 21:30:05
2025-09-14 21:30:09 [INFO] Person 74 entered at 21:30:09
2025-09-14 21:30:10 [INFO] Person 76 entered at 21:30:10
2025-09-14 21:30:13 [INFO] Person 77 entered at 21:30:13
2025-09-14 21:30:22 [INFO] Person 86 entered at 21:30:22
2025-09-14 21:30:23 [INFO] Person 87 entered at 21:30:23
2025-09-14 21:30:23 [INFO] Person 88 entered at 21:30:23
2025-09-14 21:30:23 [INFO] Person 89 entered at 21:30:23
2025-09-14 21:30:23 [INFO] Person 92 entered at 21:30:23
2025-09-14 21:30:23 [INFO] Person 93 entered at 21:30:23
2025-09-14 21:30:24 [INFO] Person 96 entered at 21:30:24
2025-09-14 21:30:24 [INFO] Person 97 entered at 21:30:24
2025-09-14 21:30:26 [INFO] Person 100 entered at 21:30:26
2025-09-14 21:30:27 [INFO] Person 102 entered at 21:30:27
2025-09-14 21:30:27 [INFO] Person 103 entered at 21:30:27
2025-09-14 21:30:31 [INFO] Person 107 entered at 21:30:31
2025-09-14 21:30:32 [INFO] Person 110 entered at 21:30:32
2025-09-14 21:30:33 [INFO] Person 114 entered at 21:30:33
2025-09-14 21:30:45 [INFO] Person 121 entered at 21:30:45
2025-09-14 21:30:46 [INFO] Person 124 entered at 21:30:46
2025-09-14 21:30:50 [INFO] Person 128 entered at 21:30:50
2025-09-14 21:30:52 [INFO] Person 132 entered at 21:30:52
2025-09-14 21:30:52 [INFO] Person 134 entered at 21:30:52
2025-09-14 21:31:01 [INFO] Person 137 entered at 21:31:01
2025-09-14 21:31:04 [INFO] Person 139 entered at 21:31:04
2025-09-14 21:31:06 [INFO] Person 140 entered at 21:31:06
2025-09-14 21:31:10 [INFO] Person 141 entered at 21:31:10
2025-09-14 21:31:16 [INFO] Person 142 entered at 21:31:16
2025-09-14 21:31:20 [INFO] Person 148 entered at 21:31:20
2025-09-14 21:31:23 [INFO] Person 1 still in frame at end (duration 142.6s)
2025-09-14 21:31:23 [INFO] Person 2 still in frame at end (duration 142.6s)
2025-09-14 21:31:23 [INFO] Person 3 still in frame at end (duration 142.6s)
2025-09-14 21:31:23 [INFO] Person 4 still in frame at end (duration 142.6s)
2025-09-14 21:31:23 [INFO] Person 5 still in frame at end (duration 142.6s)
2025-09-14 21:31:23 [INFO] Person 6 still in frame at end (duration 142.6s)
2025-09-14 21:31:23 [INFO] Person 7 still in frame at end (duration 142.6s)
2025-09-14 21:31:23 [INFO] Person 8 still in frame at end (duration 142.6s)
2025-09-14 21:31:23 [INFO] Person 10 still in frame at end (duration 142.6s)
2025-09-14 21:31:23 [INFO] Person 14 still in frame at end (duration 136.5s)
2025-09-14 21:31:23 [INFO] Person 15 still in frame at end (duration 133.8s)
2025-09-14 21:31:23 [INFO] Person 16 still in frame at end (duration 133.7s)
2025-09-14 21:31:23 [INFO] Person 19 still in frame at end (duration 130.8s)
2025-09-14 21:31:23 [INFO] Person 20 still in frame at end (duration 126.6s)
2025-09-14 21:31:23 [INFO] Person 22 still in frame at end (duration 126.1s)
2025-09-14 21:31:23 [INFO] Person 24 still in frame at end (duration 122.3s)
2025-09-14 21:31:23 [INFO] Person 25 still in frame at end (duration 121.9s)
2025-09-14 21:31:23 [INFO] Person 27 still in frame at end (duration 120.9s)
2025-09-14 21:31:23 [INFO] Person 29 still in frame at end (duration 118.2s)
2025-09-14 21:31:23 [INFO] Person 30 still in frame at end (duration 117.4s)
2025-09-14 21:31:23 [INFO] Person 33 still in frame at end (duration 111.5s)
2025-09-14 21:31:23 [INFO] Person 34 still in frame at end (duration 111.3s)
2025-09-14 21:31:23 [INFO] Person 35 still in frame at end (duration 109.3s)
2025-09-14 21:31:23 [INFO] Person 36 still in frame at end (duration 106.3s)
2025-09-14 21:31:23 [INFO] Person 37 still in frame at end (duration 105.1s)
2025-09-14 21:31:23 [INFO] Person 38 still in frame at end (duration 104.7s)
2025-09-14 21:31:23 [INFO] Person 42 still in frame at end (duration 101.3s)
2025-09-14 21:31:23 [INFO] Person 43 still in frame at end (duration 100.8s)
2025-09-14 21:31:23 [INFO] Person 49 still in frame at end (duration 98.0s)
2025-09-14 21:31:23 [INFO] Person 50 still in frame at end (duration 97.6s)
2025-09-14 21:31:23 [INFO] Person 51 still in frame at end (duration 95.7s)
2025-09-14 21:31:23 [INFO] Person 55 still in frame at end (duration 90.5s)
2025-09-14 21:31:23 [INFO] Person 56 still in frame at end (duration 89.9s)
2025-09-14 21:31:23 [INFO] Person 61 still in frame at end (duration 85.8s)
2025-09-14 21:31:23 [INFO] Person 66 still in frame at end (duration 82.8s)
2025-09-14 21:31:23 [INFO] Person 67 still in frame at end (duration 81.9s)
2025-09-14 21:31:23 [INFO] Person 69 still in frame at end (duration 81.3s)
2025-09-14 21:31:23 [INFO] Person 72 still in frame at end (duration 77.6s)
2025-09-14 21:31:23 [INFO] Person 74 still in frame at end (duration 73.4s)
2025-09-14 21:31:23 [INFO] Person 76 still in frame at end (duration 72.1s)
2025-09-14 21:31:23 [INFO] Person 77 still in frame at end (duration 69.8s)
2025-09-14 21:31:23 [INFO] Person 86 still in frame at end (duration 60.1s)
2025-09-14 21:31:23 [INFO] Person 87 still in frame at end (duration 59.9s)
2025-09-14 21:31:23 [INFO] Person 88 still in frame at end (duration 59.8s)
2025-09-14 21:31:23 [INFO] Person 89 still in frame at end (duration 59.5s)
2025-09-14 21:31:23 [INFO] Person 92 still in frame at end (duration 59.3s)
2025-09-14 21:31:23 [INFO] Person 93 still in frame at end (duration 59.3s)
2025-09-14 21:31:23 [INFO] Person 96 still in frame at end (duration 58.6s)
2025-09-14 21:31:23 [INFO] Person 97 still in frame at end (duration 58.4s)
2025-09-14 21:31:23 [INFO] Person 100 still in frame at end (duration 56.4s)
2025-09-14 21:31:23 [INFO] Person 102 still in frame at end (duration 55.8s)
2025-09-14 21:31:23 [INFO] Person 103 still in frame at end (duration 55.0s)
2025-09-14 21:31:23 [INFO] Person 107 still in frame at end (duration 51.6s)
2025-09-14 21:31:23 [INFO] Person 110 still in frame at end (duration 50.9s)
2025-09-14 21:31:23 [INFO] Person 114 still in frame at end (duration 49.5s)
2025-09-14 21:31:23 [INFO] Person 121 still in frame at end (duration 37.9s)
2025-09-14 21:31:23 [INFO] Person 124 still in frame at end (duration 36.2s)
2025-09-14 21:31:23 [INFO] Person 128 still in frame at end (duration 32.2s)
2025-09-14 21:31:23 [INFO] Person 132 still in frame at end (duration 30.7s)
2025-09-14 21:31:23 [INFO] Person 134 still in frame at end (duration 30.5s)
2025-09-14 21:31:23 [INFO] Person 137 still in frame at end (duration 21.4s)
2025-09-14 21:31:23 [INFO] Person 139 still in frame at end (duration 18.2s)
2025-09-14 21:31:23 [INFO] Person 140 still in frame at end (duration 16.2s)
2025-09-14 21:31:23 [INFO] Person 141 still in frame at end (duration 12.3s)
2025-09-14 21:31:23 [INFO] Person 142 still in frame at end (duration 6.6s)
2025-09-14 21:31:23 [INFO] Person 148 still in frame at end (duration 2.4s)
2025-09-14 21:31:23 [INFO] Total visitors detected: 66
2025-09-14 21:31:23 [INFO] Average stay duration: 85.7s
2025-09-14 21:31:23 [INFO] Max stay duration: 142.6s
2025-09-14 21:31:23 [INFO] Min stay duration: 2.4s
